<?xml version="1.0" encoding="UTF-8"?>
<testsuite name="com.example.BrusnikaCoworking.BrusnikaCoworkingApplicationTests" tests="1" skipped="0" failures="0" errors="0" timestamp="2025-04-30T19:33:21" hostname="KOMPUTER" time="0.466">
  <properties/>
  <testcase name="contextLoads()" classname="com.example.BrusnikaCoworking.BrusnikaCoworkingApplicationTests" time="0.466"/>
  <system-out><![CDATA[00:33:14.020 [Test worker] INFO org.springframework.test.context.support.AnnotationConfigContextLoaderUtils -- Could not detect default configuration classes for test class [com.example.BrusnikaCoworking.BrusnikaCoworkingApplicationTests]: BrusnikaCoworkingApplicationTests does not declare any static, non-private, non-final, nested classes annotated with @Configuration.
00:33:14.155 [Test worker] INFO org.springframework.boot.test.context.SpringBootTestContextBootstrapper -- Found @SpringBootConfiguration com.example.BrusnikaCoworking.BrusnikaCoworkingApplication for test class com.example.BrusnikaCoworking.BrusnikaCoworkingApplicationTests

  .   ____          _            __ _ _
 /\\ / ___'_ __ _ _(_)_ __  __ _ \ \ \ \
( ( )\___ | '_ | '_| | '_ \/ _` | \ \ \ \
 \\/  ___)| |_)| | | | | || (_| |  ) ) ) )
  '  |____| .__|_| |_|_| |_\__, | / / / /
 =========|_|==============|___/=/_/_/_/

 :: Spring Boot ::                (v3.3.4)

2025-05-01T00:33:14.675+05:00  INFO 13544 --- [BrusnikaCoworking] [    Test worker] c.e.B.BrusnikaCoworkingApplicationTests  : Starting BrusnikaCoworkingApplicationTests using Java 21 with PID 13544 (started by Daria in C:\WORK\Programming\Spring\BrusnikaCoworking)
2025-05-01T00:33:14.677+05:00  INFO 13544 --- [BrusnikaCoworking] [    Test worker] c.e.B.BrusnikaCoworkingApplicationTests  : No active profile set, falling back to 1 default profile: "default"
2025-05-01T00:33:15.320+05:00  INFO 13544 --- [BrusnikaCoworking] [    Test worker] .s.d.r.c.RepositoryConfigurationDelegate : Bootstrapping Spring Data JPA repositories in DEFAULT mode.
2025-05-01T00:33:15.375+05:00  INFO 13544 --- [BrusnikaCoworking] [    Test worker] .s.d.r.c.RepositoryConfigurationDelegate : Finished Spring Data repository scanning in 48 ms. Found 6 JPA repository interfaces.
2025-05-01T00:33:16.430+05:00  INFO 13544 --- [BrusnikaCoworking] [    Test worker] o.hibernate.jpa.internal.util.LogHelper  : HHH000204: Processing PersistenceUnitInfo [name: default]
2025-05-01T00:33:16.522+05:00  INFO 13544 --- [BrusnikaCoworking] [    Test worker] org.hibernate.Version                    : HHH000412: Hibernate ORM core version 6.5.3.Final
2025-05-01T00:33:16.590+05:00  INFO 13544 --- [BrusnikaCoworking] [    Test worker] o.h.c.internal.RegionFactoryInitiator    : HHH000026: Second-level cache disabled
2025-05-01T00:33:16.687+05:00 DEBUG 13544 --- [BrusnikaCoworking] [    Test worker] org.hibernate.type.BasicTypeRegistry     : Adding type registration boolean -> org.hibernate.type.BasicTypeReference@41582899
2025-05-01T00:33:16.687+05:00 DEBUG 13544 --- [BrusnikaCoworking] [    Test worker] org.hibernate.type.BasicTypeRegistry     : Adding type registration boolean -> org.hibernate.type.BasicTypeReference@41582899
2025-05-01T00:33:16.687+05:00 DEBUG 13544 --- [BrusnikaCoworking] [    Test worker] org.hibernate.type.BasicTypeRegistry     : Adding type registration java.lang.Boolean -> org.hibernate.type.BasicTypeReference@41582899
2025-05-01T00:33:16.687+05:00 DEBUG 13544 --- [BrusnikaCoworking] [    Test worker] org.hibernate.type.BasicTypeRegistry     : Adding type registration numeric_boolean -> org.hibernate.type.BasicTypeReference@595814a1
2025-05-01T00:33:16.687+05:00 DEBUG 13544 --- [BrusnikaCoworking] [    Test worker] org.hibernate.type.BasicTypeRegistry     : Adding type registration org.hibernate.type.NumericBooleanConverter -> org.hibernate.type.BasicTypeReference@595814a1
2025-05-01T00:33:16.687+05:00 DEBUG 13544 --- [BrusnikaCoworking] [    Test worker] org.hibernate.type.BasicTypeRegistry     : Adding type registration true_false -> org.hibernate.type.BasicTypeReference@7de5871d
2025-05-01T00:33:16.687+05:00 DEBUG 13544 --- [BrusnikaCoworking] [    Test worker] org.hibernate.type.BasicTypeRegistry     : Adding type registration org.hibernate.type.TrueFalseConverter -> org.hibernate.type.BasicTypeReference@7de5871d
2025-05-01T00:33:16.688+05:00 DEBUG 13544 --- [BrusnikaCoworking] [    Test worker] org.hibernate.type.BasicTypeRegistry     : Adding type registration yes_no -> org.hibernate.type.BasicTypeReference@49d42faf
2025-05-01T00:33:16.688+05:00 DEBUG 13544 --- [BrusnikaCoworking] [    Test worker] org.hibernate.type.BasicTypeRegistry     : Adding type registration org.hibernate.type.YesNoConverter -> org.hibernate.type.BasicTypeReference@49d42faf
2025-05-01T00:33:16.688+05:00 DEBUG 13544 --- [BrusnikaCoworking] [    Test worker] org.hibernate.type.BasicTypeRegistry     : Adding type registration byte -> org.hibernate.type.BasicTypeReference@4948daec
2025-05-01T00:33:16.688+05:00 DEBUG 13544 --- [BrusnikaCoworking] [    Test worker] org.hibernate.type.BasicTypeRegistry     : Adding type registration byte -> org.hibernate.type.BasicTypeReference@4948daec
2025-05-01T00:33:16.688+05:00 DEBUG 13544 --- [BrusnikaCoworking] [    Test worker] org.hibernate.type.BasicTypeRegistry     : Adding type registration java.lang.Byte -> org.hibernate.type.BasicTypeReference@4948daec
2025-05-01T00:33:16.688+05:00 DEBUG 13544 --- [BrusnikaCoworking] [    Test worker] org.hibernate.type.BasicTypeRegistry     : Adding type registration binary -> org.hibernate.type.BasicTypeReference@502c2278
2025-05-01T00:33:16.688+05:00 DEBUG 13544 --- [BrusnikaCoworking] [    Test worker] org.hibernate.type.BasicTypeRegistry     : Adding type registration byte[] -> org.hibernate.type.BasicTypeReference@502c2278
2025-05-01T00:33:16.689+05:00 DEBUG 13544 --- [BrusnikaCoworking] [    Test worker] org.hibernate.type.BasicTypeRegistry     : Adding type registration [B -> org.hibernate.type.BasicTypeReference@502c2278
2025-05-01T00:33:16.689+05:00 DEBUG 13544 --- [BrusnikaCoworking] [    Test worker] org.hibernate.type.BasicTypeRegistry     : Adding type registration binary_wrapper -> org.hibernate.type.BasicTypeReference@1209a0f
2025-05-01T00:33:16.689+05:00 DEBUG 13544 --- [BrusnikaCoworking] [    Test worker] org.hibernate.type.BasicTypeRegistry     : Adding type registration wrapper-binary -> org.hibernate.type.BasicTypeReference@1209a0f
2025-05-01T00:33:16.689+05:00 DEBUG 13544 --- [BrusnikaCoworking] [    Test worker] org.hibernate.type.BasicTypeRegistry     : Adding type registration image -> org.hibernate.type.BasicTypeReference@696174d3
2025-05-01T00:33:16.689+05:00 DEBUG 13544 --- [BrusnikaCoworking] [    Test worker] org.hibernate.type.BasicTypeRegistry     : Adding type registration blob -> org.hibernate.type.BasicTypeReference@66715ca9
2025-05-01T00:33:16.689+05:00 DEBUG 13544 --- [BrusnikaCoworking] [    Test worker] org.hibernate.type.BasicTypeRegistry     : Adding type registration java.sql.Blob -> org.hibernate.type.BasicTypeReference@66715ca9
2025-05-01T00:33:16.689+05:00 DEBUG 13544 --- [BrusnikaCoworking] [    Test worker] org.hibernate.type.BasicTypeRegistry     : Adding type registration materialized_blob -> org.hibernate.type.BasicTypeReference@577f9dfd
2025-05-01T00:33:16.689+05:00 DEBUG 13544 --- [BrusnikaCoworking] [    Test worker] org.hibernate.type.BasicTypeRegistry     : Adding type registration materialized_blob_wrapper -> org.hibernate.type.BasicTypeReference@520a95ff
2025-05-01T00:33:16.689+05:00 DEBUG 13544 --- [BrusnikaCoworking] [    Test worker] org.hibernate.type.BasicTypeRegistry     : Adding type registration short -> org.hibernate.type.BasicTypeReference@30afb481
2025-05-01T00:33:16.689+05:00 DEBUG 13544 --- [BrusnikaCoworking] [    Test worker] org.hibernate.type.BasicTypeRegistry     : Adding type registration short -> org.hibernate.type.BasicTypeReference@30afb481
2025-05-01T00:33:16.689+05:00 DEBUG 13544 --- [BrusnikaCoworking] [    Test worker] org.hibernate.type.BasicTypeRegistry     : Adding type registration java.lang.Short -> org.hibernate.type.BasicTypeReference@30afb481
2025-05-01T00:33:16.690+05:00 DEBUG 13544 --- [BrusnikaCoworking] [    Test worker] org.hibernate.type.BasicTypeRegistry     : Adding type registration integer -> org.hibernate.type.BasicTypeReference@5c573229
2025-05-01T00:33:16.690+05:00 DEBUG 13544 --- [BrusnikaCoworking] [    Test worker] org.hibernate.type.BasicTypeRegistry     : Adding type registration int -> org.hibernate.type.BasicTypeReference@5c573229
2025-05-01T00:33:16.690+05:00 DEBUG 13544 --- [BrusnikaCoworking] [    Test worker] org.hibernate.type.BasicTypeRegistry     : Adding type registration java.lang.Integer -> org.hibernate.type.BasicTypeReference@5c573229
2025-05-01T00:33:16.690+05:00 DEBUG 13544 --- [BrusnikaCoworking] [    Test worker] org.hibernate.type.BasicTypeRegistry     : Adding type registration long -> org.hibernate.type.BasicTypeReference@77ecdc2b
2025-05-01T00:33:16.690+05:00 DEBUG 13544 --- [BrusnikaCoworking] [    Test worker] org.hibernate.type.BasicTypeRegistry     : Adding type registration long -> org.hibernate.type.BasicTypeReference@77ecdc2b
2025-05-01T00:33:16.690+05:00 DEBUG 13544 --- [BrusnikaCoworking] [    Test worker] org.hibernate.type.BasicTypeRegistry     : Adding type registration java.lang.Long -> org.hibernate.type.BasicTypeReference@77ecdc2b
2025-05-01T00:33:16.690+05:00 DEBUG 13544 --- [BrusnikaCoworking] [    Test worker] org.hibernate.type.BasicTypeRegistry     : Adding type registration float -> org.hibernate.type.BasicTypeReference@714f1a44
2025-05-01T00:33:16.690+05:00 DEBUG 13544 --- [BrusnikaCoworking] [    Test worker] org.hibernate.type.BasicTypeRegistry     : Adding type registration float -> org.hibernate.type.BasicTypeReference@714f1a44
2025-05-01T00:33:16.691+05:00 DEBUG 13544 --- [BrusnikaCoworking] [    Test worker] org.hibernate.type.BasicTypeRegistry     : Adding type registration java.lang.Float -> org.hibernate.type.BasicTypeReference@714f1a44
2025-05-01T00:33:16.691+05:00 DEBUG 13544 --- [BrusnikaCoworking] [    Test worker] org.hibernate.type.BasicTypeRegistry     : Adding type registration double -> org.hibernate.type.BasicTypeReference@3c09a350
2025-05-01T00:33:16.691+05:00 DEBUG 13544 --- [BrusnikaCoworking] [    Test worker] org.hibernate.type.BasicTypeRegistry     : Adding type registration double -> org.hibernate.type.BasicTypeReference@3c09a350
2025-05-01T00:33:16.691+05:00 DEBUG 13544 --- [BrusnikaCoworking] [    Test worker] org.hibernate.type.BasicTypeRegistry     : Adding type registration java.lang.Double -> org.hibernate.type.BasicTypeReference@3c09a350
2025-05-01T00:33:16.691+05:00 DEBUG 13544 --- [BrusnikaCoworking] [    Test worker] org.hibernate.type.BasicTypeRegistry     : Adding type registration big_integer -> org.hibernate.type.BasicTypeReference@592a1882
2025-05-01T00:33:16.691+05:00 DEBUG 13544 --- [BrusnikaCoworking] [    Test worker] org.hibernate.type.BasicTypeRegistry     : Adding type registration java.math.BigInteger -> org.hibernate.type.BasicTypeReference@592a1882
2025-05-01T00:33:16.692+05:00 DEBUG 13544 --- [BrusnikaCoworking] [    Test worker] org.hibernate.type.BasicTypeRegistry     : Adding type registration big_decimal -> org.hibernate.type.BasicTypeReference@48368a08
2025-05-01T00:33:16.692+05:00 DEBUG 13544 --- [BrusnikaCoworking] [    Test worker] org.hibernate.type.BasicTypeRegistry     : Adding type registration java.math.BigDecimal -> org.hibernate.type.BasicTypeReference@48368a08
2025-05-01T00:33:16.692+05:00 DEBUG 13544 --- [BrusnikaCoworking] [    Test worker] org.hibernate.type.BasicTypeRegistry     : Adding type registration character -> org.hibernate.type.BasicTypeReference@41a23470
2025-05-01T00:33:16.692+05:00 DEBUG 13544 --- [BrusnikaCoworking] [    Test worker] org.hibernate.type.BasicTypeRegistry     : Adding type registration char -> org.hibernate.type.BasicTypeReference@41a23470
2025-05-01T00:33:16.692+05:00 DEBUG 13544 --- [BrusnikaCoworking] [    Test worker] org.hibernate.type.BasicTypeRegistry     : Adding type registration java.lang.Character -> org.hibernate.type.BasicTypeReference@41a23470
2025-05-01T00:33:16.692+05:00 DEBUG 13544 --- [BrusnikaCoworking] [    Test worker] org.hibernate.type.BasicTypeRegistry     : Adding type registration character_nchar -> org.hibernate.type.BasicTypeReference@30c01c37
2025-05-01T00:33:16.692+05:00 DEBUG 13544 --- [BrusnikaCoworking] [    Test worker] org.hibernate.type.BasicTypeRegistry     : Adding type registration string -> org.hibernate.type.BasicTypeReference@39a7eca5
2025-05-01T00:33:16.692+05:00 DEBUG 13544 --- [BrusnikaCoworking] [    Test worker] org.hibernate.type.BasicTypeRegistry     : Adding type registration java.lang.String -> org.hibernate.type.BasicTypeReference@39a7eca5
2025-05-01T00:33:16.693+05:00 DEBUG 13544 --- [BrusnikaCoworking] [    Test worker] org.hibernate.type.BasicTypeRegistry     : Adding type registration nstring -> org.hibernate.type.BasicTypeReference@45bd4753
2025-05-01T00:33:16.693+05:00 DEBUG 13544 --- [BrusnikaCoworking] [    Test worker] org.hibernate.type.BasicTypeRegistry     : Adding type registration characters -> org.hibernate.type.BasicTypeReference@156cfa20
2025-05-01T00:33:16.693+05:00 DEBUG 13544 --- [BrusnikaCoworking] [    Test worker] org.hibernate.type.BasicTypeRegistry     : Adding type registration char[] -> org.hibernate.type.BasicTypeReference@156cfa20
2025-05-01T00:33:16.693+05:00 DEBUG 13544 --- [BrusnikaCoworking] [    Test worker] org.hibernate.type.BasicTypeRegistry     : Adding type registration [C -> org.hibernate.type.BasicTypeReference@156cfa20
2025-05-01T00:33:16.693+05:00 DEBUG 13544 --- [BrusnikaCoworking] [    Test worker] org.hibernate.type.BasicTypeRegistry     : Adding type registration wrapper-characters -> org.hibernate.type.BasicTypeReference@25fd6d1e
2025-05-01T00:33:16.693+05:00 DEBUG 13544 --- [BrusnikaCoworking] [    Test worker] org.hibernate.type.BasicTypeRegistry     : Adding type registration text -> org.hibernate.type.BasicTypeReference@23396fc0
2025-05-01T00:33:16.693+05:00 DEBUG 13544 --- [BrusnikaCoworking] [    Test worker] org.hibernate.type.BasicTypeRegistry     : Adding type registration ntext -> org.hibernate.type.BasicTypeReference@c11332b
2025-05-01T00:33:16.694+05:00 DEBUG 13544 --- [BrusnikaCoworking] [    Test worker] org.hibernate.type.BasicTypeRegistry     : Adding type registration clob -> org.hibernate.type.BasicTypeReference@7e5e6573
2025-05-01T00:33:16.694+05:00 DEBUG 13544 --- [BrusnikaCoworking] [    Test worker] org.hibernate.type.BasicTypeRegistry     : Adding type registration java.sql.Clob -> org.hibernate.type.BasicTypeReference@7e5e6573
2025-05-01T00:33:16.694+05:00 DEBUG 13544 --- [BrusnikaCoworking] [    Test worker] org.hibernate.type.BasicTypeRegistry     : Adding type registration nclob -> org.hibernate.type.BasicTypeReference@3005623b
2025-05-01T00:33:16.694+05:00 DEBUG 13544 --- [BrusnikaCoworking] [    Test worker] org.hibernate.type.BasicTypeRegistry     : Adding type registration java.sql.NClob -> org.hibernate.type.BasicTypeReference@3005623b
2025-05-01T00:33:16.694+05:00 DEBUG 13544 --- [BrusnikaCoworking] [    Test worker] org.hibernate.type.BasicTypeRegistry     : Adding type registration materialized_clob -> org.hibernate.type.BasicTypeReference@58aa5c94
2025-05-01T00:33:16.694+05:00 DEBUG 13544 --- [BrusnikaCoworking] [    Test worker] org.hibernate.type.BasicTypeRegistry     : Adding type registration materialized_clob_char_array -> org.hibernate.type.BasicTypeReference@5d27b4c1
2025-05-01T00:33:16.694+05:00 DEBUG 13544 --- [BrusnikaCoworking] [    Test worker] org.hibernate.type.BasicTypeRegistry     : Adding type registration materialized_clob_character_array -> org.hibernate.type.BasicTypeReference@50df37eb
2025-05-01T00:33:16.694+05:00 DEBUG 13544 --- [BrusnikaCoworking] [    Test worker] org.hibernate.type.BasicTypeRegistry     : Adding type registration materialized_nclob -> org.hibernate.type.BasicTypeReference@4b508371
2025-05-01T00:33:16.695+05:00 DEBUG 13544 --- [BrusnikaCoworking] [    Test worker] org.hibernate.type.BasicTypeRegistry     : Adding type registration materialized_nclob_character_array -> org.hibernate.type.BasicTypeReference@41143873
2025-05-01T00:33:16.695+05:00 DEBUG 13544 --- [BrusnikaCoworking] [    Test worker] org.hibernate.type.BasicTypeRegistry     : Adding type registration materialized_nclob_char_array -> org.hibernate.type.BasicTypeReference@21f50d2c
2025-05-01T00:33:16.695+05:00 DEBUG 13544 --- [BrusnikaCoworking] [    Test worker] org.hibernate.type.BasicTypeRegistry     : Adding type registration Duration -> org.hibernate.type.BasicTypeReference@8bc0696
2025-05-01T00:33:16.695+05:00 DEBUG 13544 --- [BrusnikaCoworking] [    Test worker] org.hibernate.type.BasicTypeRegistry     : Adding type registration java.time.Duration -> org.hibernate.type.BasicTypeReference@8bc0696
2025-05-01T00:33:16.695+05:00 DEBUG 13544 --- [BrusnikaCoworking] [    Test worker] org.hibernate.type.BasicTypeRegistry     : Adding type registration LocalDateTime -> org.hibernate.type.BasicTypeReference@473847fb
2025-05-01T00:33:16.695+05:00 DEBUG 13544 --- [BrusnikaCoworking] [    Test worker] org.hibernate.type.BasicTypeRegistry     : Adding type registration java.time.LocalDateTime -> org.hibernate.type.BasicTypeReference@473847fb
2025-05-01T00:33:16.695+05:00 DEBUG 13544 --- [BrusnikaCoworking] [    Test worker] org.hibernate.type.BasicTypeRegistry     : Adding type registration LocalDate -> org.hibernate.type.BasicTypeReference@270f28cf
2025-05-01T00:33:16.696+05:00 DEBUG 13544 --- [BrusnikaCoworking] [    Test worker] org.hibernate.type.BasicTypeRegistry     : Adding type registration java.time.LocalDate -> org.hibernate.type.BasicTypeReference@270f28cf
2025-05-01T00:33:16.696+05:00 DEBUG 13544 --- [BrusnikaCoworking] [    Test worker] org.hibernate.type.BasicTypeRegistry     : Adding type registration LocalTime -> org.hibernate.type.BasicTypeReference@2e1add6f
2025-05-01T00:33:16.696+05:00 DEBUG 13544 --- [BrusnikaCoworking] [    Test worker] org.hibernate.type.BasicTypeRegistry     : Adding type registration java.time.LocalTime -> org.hibernate.type.BasicTypeReference@2e1add6f
2025-05-01T00:33:16.696+05:00 DEBUG 13544 --- [BrusnikaCoworking] [    Test worker] org.hibernate.type.BasicTypeRegistry     : Adding type registration OffsetDateTime -> org.hibernate.type.BasicTypeReference@467af68c
2025-05-01T00:33:16.696+05:00 DEBUG 13544 --- [BrusnikaCoworking] [    Test worker] org.hibernate.type.BasicTypeRegistry     : Adding type registration java.time.OffsetDateTime -> org.hibernate.type.BasicTypeReference@467af68c
2025-05-01T00:33:16.696+05:00 DEBUG 13544 --- [BrusnikaCoworking] [    Test worker] org.hibernate.type.BasicTypeRegistry     : Adding type registration OffsetDateTimeWithTimezone -> org.hibernate.type.BasicTypeReference@43786627
2025-05-01T00:33:16.696+05:00 DEBUG 13544 --- [BrusnikaCoworking] [    Test worker] org.hibernate.type.BasicTypeRegistry     : Adding type registration OffsetDateTimeWithoutTimezone -> org.hibernate.type.BasicTypeReference@1d6f77d7
2025-05-01T00:33:16.697+05:00 DEBUG 13544 --- [BrusnikaCoworking] [    Test worker] org.hibernate.type.BasicTypeRegistry     : Adding type registration OffsetTime -> org.hibernate.type.BasicTypeReference@65e620b0
2025-05-01T00:33:16.697+05:00 DEBUG 13544 --- [BrusnikaCoworking] [    Test worker] org.hibernate.type.BasicTypeRegistry     : Adding type registration java.time.OffsetTime -> org.hibernate.type.BasicTypeReference@65e620b0
2025-05-01T00:33:16.697+05:00 DEBUG 13544 --- [BrusnikaCoworking] [    Test worker] org.hibernate.type.BasicTypeRegistry     : Adding type registration OffsetTimeUtc -> org.hibernate.type.BasicTypeReference@74b97416
2025-05-01T00:33:16.697+05:00 DEBUG 13544 --- [BrusnikaCoworking] [    Test worker] org.hibernate.type.BasicTypeRegistry     : Adding type registration OffsetTimeWithTimezone -> org.hibernate.type.BasicTypeReference@74707df8
2025-05-01T00:33:16.697+05:00 DEBUG 13544 --- [BrusnikaCoworking] [    Test worker] org.hibernate.type.BasicTypeRegistry     : Adding type registration OffsetTimeWithoutTimezone -> org.hibernate.type.BasicTypeReference@12c76d6e
2025-05-01T00:33:16.697+05:00 DEBUG 13544 --- [BrusnikaCoworking] [    Test worker] org.hibernate.type.BasicTypeRegistry     : Adding type registration ZonedDateTime -> org.hibernate.type.BasicTypeReference@46702c26
2025-05-01T00:33:16.697+05:00 DEBUG 13544 --- [BrusnikaCoworking] [    Test worker] org.hibernate.type.BasicTypeRegistry     : Adding type registration java.time.ZonedDateTime -> org.hibernate.type.BasicTypeReference@46702c26
2025-05-01T00:33:16.698+05:00 DEBUG 13544 --- [BrusnikaCoworking] [    Test worker] org.hibernate.type.BasicTypeRegistry     : Adding type registration ZonedDateTimeWithTimezone -> org.hibernate.type.BasicTypeReference@7956f93a
2025-05-01T00:33:16.698+05:00 DEBUG 13544 --- [BrusnikaCoworking] [    Test worker] org.hibernate.type.BasicTypeRegistry     : Adding type registration ZonedDateTimeWithoutTimezone -> org.hibernate.type.BasicTypeReference@e3ed455
2025-05-01T00:33:16.698+05:00 DEBUG 13544 --- [BrusnikaCoworking] [    Test worker] org.hibernate.type.BasicTypeRegistry     : Adding type registration date -> org.hibernate.type.BasicTypeReference@27bb74e1
2025-05-01T00:33:16.698+05:00 DEBUG 13544 --- [BrusnikaCoworking] [    Test worker] org.hibernate.type.BasicTypeRegistry     : Adding type registration java.sql.Date -> org.hibernate.type.BasicTypeReference@27bb74e1
2025-05-01T00:33:16.698+05:00 DEBUG 13544 --- [BrusnikaCoworking] [    Test worker] org.hibernate.type.BasicTypeRegistry     : Adding type registration time -> org.hibernate.type.BasicTypeReference@606d6d2c
2025-05-01T00:33:16.698+05:00 DEBUG 13544 --- [BrusnikaCoworking] [    Test worker] org.hibernate.type.BasicTypeRegistry     : Adding type registration java.sql.Time -> org.hibernate.type.BasicTypeReference@606d6d2c
2025-05-01T00:33:16.699+05:00 DEBUG 13544 --- [BrusnikaCoworking] [    Test worker] org.hibernate.type.BasicTypeRegistry     : Adding type registration timestamp -> org.hibernate.type.BasicTypeReference@2e3cd732
2025-05-01T00:33:16.699+05:00 DEBUG 13544 --- [BrusnikaCoworking] [    Test worker] org.hibernate.type.BasicTypeRegistry     : Adding type registration java.sql.Timestamp -> org.hibernate.type.BasicTypeReference@2e3cd732
2025-05-01T00:33:16.699+05:00 DEBUG 13544 --- [BrusnikaCoworking] [    Test worker] org.hibernate.type.BasicTypeRegistry     : Adding type registration java.util.Date -> org.hibernate.type.BasicTypeReference@2e3cd732
2025-05-01T00:33:16.699+05:00 DEBUG 13544 --- [BrusnikaCoworking] [    Test worker] org.hibernate.type.BasicTypeRegistry     : Adding type registration calendar -> org.hibernate.type.BasicTypeReference@56d822dc
2025-05-01T00:33:16.699+05:00 DEBUG 13544 --- [BrusnikaCoworking] [    Test worker] org.hibernate.type.BasicTypeRegistry     : Adding type registration java.util.Calendar -> org.hibernate.type.BasicTypeReference@56d822dc
2025-05-01T00:33:16.699+05:00 DEBUG 13544 --- [BrusnikaCoworking] [    Test worker] org.hibernate.type.BasicTypeRegistry     : Adding type registration java.util.GregorianCalendar -> org.hibernate.type.BasicTypeReference@56d822dc
2025-05-01T00:33:16.699+05:00 DEBUG 13544 --- [BrusnikaCoworking] [    Test worker] org.hibernate.type.BasicTypeRegistry     : Adding type registration calendar_date -> org.hibernate.type.BasicTypeReference@2ab8589a
2025-05-01T00:33:16.700+05:00 DEBUG 13544 --- [BrusnikaCoworking] [    Test worker] org.hibernate.type.BasicTypeRegistry     : Adding type registration calendar_time -> org.hibernate.type.BasicTypeReference@21b744ec
2025-05-01T00:33:16.700+05:00 DEBUG 13544 --- [BrusnikaCoworking] [    Test worker] org.hibernate.type.BasicTypeRegistry     : Adding type registration instant -> org.hibernate.type.BasicTypeReference@697a92af
2025-05-01T00:33:16.700+05:00 DEBUG 13544 --- [BrusnikaCoworking] [    Test worker] org.hibernate.type.BasicTypeRegistry     : Adding type registration java.time.Instant -> org.hibernate.type.BasicTypeReference@697a92af
2025-05-01T00:33:16.700+05:00 DEBUG 13544 --- [BrusnikaCoworking] [    Test worker] org.hibernate.type.BasicTypeRegistry     : Adding type registration uuid -> org.hibernate.type.BasicTypeReference@7ea3839e
2025-05-01T00:33:16.700+05:00 DEBUG 13544 --- [BrusnikaCoworking] [    Test worker] org.hibernate.type.BasicTypeRegistry     : Adding type registration java.util.UUID -> org.hibernate.type.BasicTypeReference@7ea3839e
2025-05-01T00:33:16.701+05:00 DEBUG 13544 --- [BrusnikaCoworking] [    Test worker] org.hibernate.type.BasicTypeRegistry     : Adding type registration pg-uuid -> org.hibernate.type.BasicTypeReference@7ea3839e
2025-05-01T00:33:16.701+05:00 DEBUG 13544 --- [BrusnikaCoworking] [    Test worker] org.hibernate.type.BasicTypeRegistry     : Adding type registration uuid-binary -> org.hibernate.type.BasicTypeReference@16b76858
2025-05-01T00:33:16.701+05:00 DEBUG 13544 --- [BrusnikaCoworking] [    Test worker] org.hibernate.type.BasicTypeRegistry     : Adding type registration uuid-char -> org.hibernate.type.BasicTypeReference@d3cce46
2025-05-01T00:33:16.701+05:00 DEBUG 13544 --- [BrusnikaCoworking] [    Test worker] org.hibernate.type.BasicTypeRegistry     : Adding type registration class -> org.hibernate.type.BasicTypeReference@30eedaa4
2025-05-01T00:33:16.701+05:00 DEBUG 13544 --- [BrusnikaCoworking] [    Test worker] org.hibernate.type.BasicTypeRegistry     : Adding type registration java.lang.Class -> org.hibernate.type.BasicTypeReference@30eedaa4
2025-05-01T00:33:16.701+05:00 DEBUG 13544 --- [BrusnikaCoworking] [    Test worker] org.hibernate.type.BasicTypeRegistry     : Adding type registration currency -> org.hibernate.type.BasicTypeReference@52b30054
2025-05-01T00:33:16.701+05:00 DEBUG 13544 --- [BrusnikaCoworking] [    Test worker] org.hibernate.type.BasicTypeRegistry     : Adding type registration Currency -> org.hibernate.type.BasicTypeReference@52b30054
2025-05-01T00:33:16.702+05:00 DEBUG 13544 --- [BrusnikaCoworking] [    Test worker] org.hibernate.type.BasicTypeRegistry     : Adding type registration java.util.Currency -> org.hibernate.type.BasicTypeReference@52b30054
2025-05-01T00:33:16.702+05:00 DEBUG 13544 --- [BrusnikaCoworking] [    Test worker] org.hibernate.type.BasicTypeRegistry     : Adding type registration locale -> org.hibernate.type.BasicTypeReference@7f6b57f2
2025-05-01T00:33:16.702+05:00 DEBUG 13544 --- [BrusnikaCoworking] [    Test worker] org.hibernate.type.BasicTypeRegistry     : Adding type registration java.util.Locale -> org.hibernate.type.BasicTypeReference@7f6b57f2
2025-05-01T00:33:16.702+05:00 DEBUG 13544 --- [BrusnikaCoworking] [    Test worker] org.hibernate.type.BasicTypeRegistry     : Adding type registration serializable -> org.hibernate.type.BasicTypeReference@144ee8a7
2025-05-01T00:33:16.702+05:00 DEBUG 13544 --- [BrusnikaCoworking] [    Test worker] org.hibernate.type.BasicTypeRegistry     : Adding type registration java.io.Serializable -> org.hibernate.type.BasicTypeReference@144ee8a7
2025-05-01T00:33:16.702+05:00 DEBUG 13544 --- [BrusnikaCoworking] [    Test worker] org.hibernate.type.BasicTypeRegistry     : Adding type registration timezone -> org.hibernate.type.BasicTypeReference@52b32b70
2025-05-01T00:33:16.702+05:00 DEBUG 13544 --- [BrusnikaCoworking] [    Test worker] org.hibernate.type.BasicTypeRegistry     : Adding type registration java.util.TimeZone -> org.hibernate.type.BasicTypeReference@52b32b70
2025-05-01T00:33:16.702+05:00 DEBUG 13544 --- [BrusnikaCoworking] [    Test worker] org.hibernate.type.BasicTypeRegistry     : Adding type registration ZoneOffset -> org.hibernate.type.BasicTypeReference@18c820d2
2025-05-01T00:33:16.703+05:00 DEBUG 13544 --- [BrusnikaCoworking] [    Test worker] org.hibernate.type.BasicTypeRegistry     : Adding type registration java.time.ZoneOffset -> org.hibernate.type.BasicTypeReference@18c820d2
2025-05-01T00:33:16.703+05:00 DEBUG 13544 --- [BrusnikaCoworking] [    Test worker] org.hibernate.type.BasicTypeRegistry     : Adding type registration url -> org.hibernate.type.BasicTypeReference@3d3930fe
2025-05-01T00:33:16.703+05:00 DEBUG 13544 --- [BrusnikaCoworking] [    Test worker] org.hibernate.type.BasicTypeRegistry     : Adding type registration java.net.URL -> org.hibernate.type.BasicTypeReference@3d3930fe
2025-05-01T00:33:16.703+05:00 DEBUG 13544 --- [BrusnikaCoworking] [    Test worker] org.hibernate.type.BasicTypeRegistry     : Adding type registration vector -> org.hibernate.type.BasicTypeReference@5e51ec2e
2025-05-01T00:33:16.703+05:00 DEBUG 13544 --- [BrusnikaCoworking] [    Test worker] org.hibernate.type.BasicTypeRegistry     : Adding type registration row_version -> org.hibernate.type.BasicTypeReference@15f2a43f
2025-05-01T00:33:16.714+05:00 DEBUG 13544 --- [BrusnikaCoworking] [    Test worker] org.hibernate.type.BasicTypeRegistry     : Adding type registration object -> org.hibernate.type.JavaObjectType@521ba38f
2025-05-01T00:33:16.714+05:00 DEBUG 13544 --- [BrusnikaCoworking] [    Test worker] org.hibernate.type.BasicTypeRegistry     : Adding type registration java.lang.Object -> org.hibernate.type.JavaObjectType@521ba38f
2025-05-01T00:33:16.716+05:00 DEBUG 13544 --- [BrusnikaCoworking] [    Test worker] org.hibernate.type.BasicTypeRegistry     : Adding type registration null -> org.hibernate.type.NullType@402d6012
2025-05-01T00:33:16.717+05:00 DEBUG 13544 --- [BrusnikaCoworking] [    Test worker] org.hibernate.type.BasicTypeRegistry     : Adding type registration imm_date -> org.hibernate.type.BasicTypeReference@395281c2
2025-05-01T00:33:16.717+05:00 DEBUG 13544 --- [BrusnikaCoworking] [    Test worker] org.hibernate.type.BasicTypeRegistry     : Adding type registration imm_time -> org.hibernate.type.BasicTypeReference@3e753289
2025-05-01T00:33:16.717+05:00 DEBUG 13544 --- [BrusnikaCoworking] [    Test worker] org.hibernate.type.BasicTypeRegistry     : Adding type registration imm_timestamp -> org.hibernate.type.BasicTypeReference@1573e8a5
2025-05-01T00:33:16.717+05:00 DEBUG 13544 --- [BrusnikaCoworking] [    Test worker] org.hibernate.type.BasicTypeRegistry     : Adding type registration imm_calendar -> org.hibernate.type.BasicTypeReference@38022758
2025-05-01T00:33:16.717+05:00 DEBUG 13544 --- [BrusnikaCoworking] [    Test worker] org.hibernate.type.BasicTypeRegistry     : Adding type registration imm_calendar_date -> org.hibernate.type.BasicTypeReference@69f9b561
2025-05-01T00:33:16.717+05:00 DEBUG 13544 --- [BrusnikaCoworking] [    Test worker] org.hibernate.type.BasicTypeRegistry     : Adding type registration imm_calendar_time -> org.hibernate.type.BasicTypeReference@7e8f23ad
2025-05-01T00:33:16.718+05:00 DEBUG 13544 --- [BrusnikaCoworking] [    Test worker] org.hibernate.type.BasicTypeRegistry     : Adding type registration imm_binary -> org.hibernate.type.BasicTypeReference@7433ca19
2025-05-01T00:33:16.718+05:00 DEBUG 13544 --- [BrusnikaCoworking] [    Test worker] org.hibernate.type.BasicTypeRegistry     : Adding type registration imm_serializable -> org.hibernate.type.BasicTypeReference@5d221b20
2025-05-01T00:33:16.762+05:00  INFO 13544 --- [BrusnikaCoworking] [    Test worker] com.zaxxer.hikari.HikariDataSource       : HikariPool-1 - Starting...
2025-05-01T00:33:16.955+05:00  INFO 13544 --- [BrusnikaCoworking] [    Test worker] com.zaxxer.hikari.pool.HikariPool        : HikariPool-1 - Added connection org.postgresql.jdbc.PgConnection@5dd747c1
2025-05-01T00:33:16.957+05:00  INFO 13544 --- [BrusnikaCoworking] [    Test worker] com.zaxxer.hikari.HikariDataSource       : HikariPool-1 - Start completed.
2025-05-01T00:33:17.340+05:00  INFO 13544 --- [BrusnikaCoworking] [    Test worker] o.s.o.j.p.SpringPersistenceUnitInfo      : No LoadTimeWeaver setup: ignoring JPA class transformer
2025-05-01T00:33:17.360+05:00 DEBUG 13544 --- [BrusnikaCoworking] [    Test worker] o.h.t.d.sql.spi.DdlTypeRegistry          : addDescriptor(2003, org.hibernate.type.descriptor.sql.internal.ArrayDdlTypeImpl@c677d7e) replaced previous registration(org.hibernate.type.descriptor.sql.internal.ArrayDdlTypeImpl@215a0264)
2025-05-01T00:33:17.360+05:00 DEBUG 13544 --- [BrusnikaCoworking] [    Test worker] o.h.t.d.sql.spi.DdlTypeRegistry          : addDescriptor(6, org.hibernate.type.descriptor.sql.internal.CapacityDependentDdlType@45832b85) replaced previous registration(org.hibernate.type.descriptor.sql.internal.DdlTypeImpl@103478b8)
2025-05-01T00:33:17.365+05:00 DEBUG 13544 --- [BrusnikaCoworking] [    Test worker] o.h.t.d.jdbc.spi.JdbcTypeRegistry        : addDescriptor(2004, BlobTypeDescriptor(BLOB_BINDING)) replaced previous registration(BlobTypeDescriptor(DEFAULT))
2025-05-01T00:33:17.365+05:00 DEBUG 13544 --- [BrusnikaCoworking] [    Test worker] o.h.t.d.jdbc.spi.JdbcTypeRegistry        : addDescriptor(2005, ClobTypeDescriptor(CLOB_BINDING)) replaced previous registration(ClobTypeDescriptor(DEFAULT))
2025-05-01T00:33:17.375+05:00 DEBUG 13544 --- [BrusnikaCoworking] [    Test worker] org.hibernate.type.BasicTypeRegistry     : Adding type registration JAVA_OBJECT -> org.hibernate.type.JavaObjectType@7438c3d5
2025-05-01T00:33:17.375+05:00 DEBUG 13544 --- [BrusnikaCoworking] [    Test worker] org.hibernate.type.BasicTypeRegistry     : Adding type registration java.lang.Object -> org.hibernate.type.JavaObjectType@7438c3d5
2025-05-01T00:33:17.375+05:00 DEBUG 13544 --- [BrusnikaCoworking] [    Test worker] org.hibernate.type.BasicTypeRegistry     : Type registration key [java.lang.Object] overrode previous entry : `org.hibernate.type.JavaObjectType@521ba38f`
2025-05-01T00:33:17.377+05:00 DEBUG 13544 --- [BrusnikaCoworking] [    Test worker] org.hibernate.type.BasicTypeRegistry     : Adding type registration java.time.Duration -> org.hibernate.type.CustomType@23358740
2025-05-01T00:33:17.378+05:00 DEBUG 13544 --- [BrusnikaCoworking] [    Test worker] org.hibernate.type.BasicTypeRegistry     : Adding type registration java.time.Period -> org.hibernate.type.CustomType@66682e8f
2025-05-01T00:33:17.378+05:00 DEBUG 13544 --- [BrusnikaCoworking] [    Test worker] org.hibernate.type.BasicTypeRegistry     : Adding type registration java.util.Map -> org.hibernate.type.CustomType@4d0abb23
2025-05-01T00:33:17.378+05:00 DEBUG 13544 --- [BrusnikaCoworking] [    Test worker] org.hibernate.type.BasicTypeRegistry     : Adding type registration io.hypersistence.utils.hibernate.type.basic.Inet -> org.hibernate.type.CustomType@5d8fd077
2025-05-01T00:33:17.378+05:00 DEBUG 13544 --- [BrusnikaCoworking] [    Test worker] org.hibernate.type.BasicTypeRegistry     : Adding type registration io.hypersistence.utils.hibernate.type.range.Range -> org.hibernate.type.CustomType@55fe9c2f
2025-05-01T00:33:17.379+05:00 DEBUG 13544 --- [BrusnikaCoworking] [    Test worker] org.hibernate.type.BasicTypeRegistry     : Adding type registration java.lang.Character -> org.hibernate.type.CustomType@5ac0bf84
2025-05-01T00:33:17.379+05:00 DEBUG 13544 --- [BrusnikaCoworking] [    Test worker] org.hibernate.type.BasicTypeRegistry     : Adding type registration java.time.Month -> org.hibernate.type.CustomType@68f79b7c
2025-05-01T00:33:17.382+05:00 DEBUG 13544 --- [BrusnikaCoworking] [    Test worker] org.hibernate.type.BasicTypeRegistry     : Adding type registration org.hibernate.type.DurationType -> basicType@1(java.time.Duration,3015)
2025-05-01T00:33:17.382+05:00 DEBUG 13544 --- [BrusnikaCoworking] [    Test worker] org.hibernate.type.BasicTypeRegistry     : Adding type registration Duration -> basicType@1(java.time.Duration,3015)
2025-05-01T00:33:17.382+05:00 DEBUG 13544 --- [BrusnikaCoworking] [    Test worker] org.hibernate.type.BasicTypeRegistry     : Adding type registration java.time.Duration -> basicType@1(java.time.Duration,3015)
2025-05-01T00:33:17.383+05:00 DEBUG 13544 --- [BrusnikaCoworking] [    Test worker] org.hibernate.type.BasicTypeRegistry     : Type registration key [java.time.Duration] overrode previous entry : `org.hibernate.type.CustomType@23358740`
2025-05-01T00:33:17.384+05:00 DEBUG 13544 --- [BrusnikaCoworking] [    Test worker] org.hibernate.type.BasicTypeRegistry     : Adding type registration java.time.Duration -> org.hibernate.type.CustomType@23358740
2025-05-01T00:33:17.385+05:00 DEBUG 13544 --- [BrusnikaCoworking] [    Test worker] org.hibernate.type.BasicTypeRegistry     : Type registration key [java.time.Duration] overrode previous entry : `basicType@1(java.time.Duration,3015)`
2025-05-01T00:33:17.385+05:00 DEBUG 13544 --- [BrusnikaCoworking] [    Test worker] org.hibernate.type.BasicTypeRegistry     : Adding type registration java.time.Period -> org.hibernate.type.CustomType@66682e8f
2025-05-01T00:33:17.386+05:00 DEBUG 13544 --- [BrusnikaCoworking] [    Test worker] org.hibernate.type.BasicTypeRegistry     : Type registration key [java.time.Period] overrode previous entry : `org.hibernate.type.CustomType@66682e8f`
2025-05-01T00:33:17.386+05:00 DEBUG 13544 --- [BrusnikaCoworking] [    Test worker] org.hibernate.type.BasicTypeRegistry     : Adding type registration java.util.Map -> org.hibernate.type.CustomType@4d0abb23
2025-05-01T00:33:17.386+05:00 DEBUG 13544 --- [BrusnikaCoworking] [    Test worker] org.hibernate.type.BasicTypeRegistry     : Type registration key [java.util.Map] overrode previous entry : `org.hibernate.type.CustomType@4d0abb23`
2025-05-01T00:33:17.386+05:00 DEBUG 13544 --- [BrusnikaCoworking] [    Test worker] org.hibernate.type.BasicTypeRegistry     : Adding type registration io.hypersistence.utils.hibernate.type.basic.Inet -> org.hibernate.type.CustomType@5d8fd077
2025-05-01T00:33:17.386+05:00 DEBUG 13544 --- [BrusnikaCoworking] [    Test worker] org.hibernate.type.BasicTypeRegistry     : Type registration key [io.hypersistence.utils.hibernate.type.basic.Inet] overrode previous entry : `org.hibernate.type.CustomType@5d8fd077`
2025-05-01T00:33:17.386+05:00 DEBUG 13544 --- [BrusnikaCoworking] [    Test worker] org.hibernate.type.BasicTypeRegistry     : Adding type registration io.hypersistence.utils.hibernate.type.range.Range -> org.hibernate.type.CustomType@55fe9c2f
2025-05-01T00:33:17.386+05:00 DEBUG 13544 --- [BrusnikaCoworking] [    Test worker] org.hibernate.type.BasicTypeRegistry     : Type registration key [io.hypersistence.utils.hibernate.type.range.Range] overrode previous entry : `org.hibernate.type.CustomType@55fe9c2f`
2025-05-01T00:33:17.386+05:00 DEBUG 13544 --- [BrusnikaCoworking] [    Test worker] org.hibernate.type.BasicTypeRegistry     : Adding type registration java.lang.Character -> org.hibernate.type.CustomType@5ac0bf84
2025-05-01T00:33:17.386+05:00 DEBUG 13544 --- [BrusnikaCoworking] [    Test worker] org.hibernate.type.BasicTypeRegistry     : Type registration key [java.lang.Character] overrode previous entry : `org.hibernate.type.CustomType@5ac0bf84`
2025-05-01T00:33:17.386+05:00 DEBUG 13544 --- [BrusnikaCoworking] [    Test worker] org.hibernate.type.BasicTypeRegistry     : Adding type registration java.time.Month -> org.hibernate.type.CustomType@68f79b7c
2025-05-01T00:33:17.386+05:00 DEBUG 13544 --- [BrusnikaCoworking] [    Test worker] org.hibernate.type.BasicTypeRegistry     : Type registration key [java.time.Month] overrode previous entry : `org.hibernate.type.CustomType@68f79b7c`
2025-05-01T00:33:17.389+05:00 DEBUG 13544 --- [BrusnikaCoworking] [    Test worker] org.hibernate.type.BasicTypeRegistry     : Adding type registration org.hibernate.type.OffsetDateTimeType -> basicType@2(java.time.OffsetDateTime,3003)
2025-05-01T00:33:17.389+05:00 DEBUG 13544 --- [BrusnikaCoworking] [    Test worker] org.hibernate.type.BasicTypeRegistry     : Adding type registration OffsetDateTime -> basicType@2(java.time.OffsetDateTime,3003)
2025-05-01T00:33:17.389+05:00 DEBUG 13544 --- [BrusnikaCoworking] [    Test worker] org.hibernate.type.BasicTypeRegistry     : Adding type registration java.time.OffsetDateTime -> basicType@2(java.time.OffsetDateTime,3003)
2025-05-01T00:33:17.389+05:00 DEBUG 13544 --- [BrusnikaCoworking] [    Test worker] org.hibernate.type.BasicTypeRegistry     : Adding type registration org.hibernate.type.ZonedDateTimeType -> basicType@3(java.time.ZonedDateTime,3003)
2025-05-01T00:33:17.389+05:00 DEBUG 13544 --- [BrusnikaCoworking] [    Test worker] org.hibernate.type.BasicTypeRegistry     : Adding type registration ZonedDateTime -> basicType@3(java.time.ZonedDateTime,3003)
2025-05-01T00:33:17.389+05:00 DEBUG 13544 --- [BrusnikaCoworking] [    Test worker] org.hibernate.type.BasicTypeRegistry     : Adding type registration java.time.ZonedDateTime -> basicType@3(java.time.ZonedDateTime,3003)
2025-05-01T00:33:17.391+05:00 DEBUG 13544 --- [BrusnikaCoworking] [    Test worker] org.hibernate.type.BasicTypeRegistry     : Adding type registration org.hibernate.type.OffsetTimeType -> basicType@4(java.time.OffsetTime,3007)
2025-05-01T00:33:17.391+05:00 DEBUG 13544 --- [BrusnikaCoworking] [    Test worker] org.hibernate.type.BasicTypeRegistry     : Adding type registration OffsetTime -> basicType@4(java.time.OffsetTime,3007)
2025-05-01T00:33:17.391+05:00 DEBUG 13544 --- [BrusnikaCoworking] [    Test worker] org.hibernate.type.BasicTypeRegistry     : Adding type registration java.time.OffsetTime -> basicType@4(java.time.OffsetTime,3007)
2025-05-01T00:33:17.393+05:00 DEBUG 13544 --- [BrusnikaCoworking] [    Test worker] o.h.type.spi.TypeConfiguration$Scope     : Scoping TypeConfiguration [org.hibernate.type.spi.TypeConfiguration@674e4c82] to MetadataBuildingContext [org.hibernate.boot.internal.MetadataBuildingContextRootImpl@572b4072]
2025-05-01T00:33:18.359+05:00  INFO 13544 --- [BrusnikaCoworking] [    Test worker] o.h.e.t.j.p.i.JtaPlatformInitiator       : HHH000489: No JTA platform available (set 'hibernate.transaction.jta.platform' to enable JTA platform integration)
2025-05-01T00:33:18.359+05:00 DEBUG 13544 --- [BrusnikaCoworking] [    Test worker] o.h.type.spi.TypeConfiguration$Scope     : Scoping TypeConfiguration [org.hibernate.type.spi.TypeConfiguration@674e4c82] to SessionFactoryImplementor [org.hibernate.internal.SessionFactoryImpl@535b4dbf]
2025-05-01T00:33:18.397+05:00 TRACE 13544 --- [BrusnikaCoworking] [    Test worker] o.h.type.spi.TypeConfiguration$Scope     : Handling #sessionFactoryCreated from [org.hibernate.internal.SessionFactoryImpl@535b4dbf] for TypeConfiguration
2025-05-01T00:33:18.397+05:00  INFO 13544 --- [BrusnikaCoworking] [    Test worker] j.LocalContainerEntityManagerFactoryBean : Initialized JPA EntityManagerFactory for persistence unit 'default'
2025-05-01T00:33:18.743+05:00  INFO 13544 --- [BrusnikaCoworking] [    Test worker] o.s.d.j.r.query.QueryEnhancerFactory     : Hibernate is in classpath; If applicable, HQL parser will be used.
2025-05-01T00:33:19.227+05:00  INFO 13544 --- [BrusnikaCoworking] [    Test worker] eAuthenticationProviderManagerConfigurer : Global AuthenticationManager configured with AuthenticationProvider bean with name authenticationProvider
2025-05-01T00:33:19.228+05:00  WARN 13544 --- [BrusnikaCoworking] [    Test worker] r$InitializeUserDetailsManagerConfigurer : Global AuthenticationManager configured with an AuthenticationProvider bean. UserDetailsService beans will not be used for username/password login. Consider removing the AuthenticationProvider bean. Alternatively, consider using the UserDetailsService in a manually instantiated DaoAuthenticationProvider.
2025-05-01T00:33:20.547+05:00  INFO 13544 --- [BrusnikaCoworking] [    Test worker] o.a.k.clients.consumer.ConsumerConfig    : ConsumerConfig values: 
	allow.auto.create.topics = true
	auto.commit.interval.ms = 5000
	auto.include.jmx.reporter = true
	auto.offset.reset = latest
	bootstrap.servers = [localhost:9092]
	check.crcs = true
	client.dns.lookup = use_all_dns_ips
	client.id = consumer-some-1
	client.rack = 
	connections.max.idle.ms = 540000
	default.api.timeout.ms = 60000
	enable.auto.commit = false
	enable.metrics.push = true
	exclude.internal.topics = true
	fetch.max.bytes = 52428800
	fetch.max.wait.ms = 500
	fetch.min.bytes = 1
	group.id = some
	group.instance.id = null
	group.protocol = classic
	group.remote.assignor = null
	heartbeat.interval.ms = 3000
	interceptor.classes = []
	internal.leave.group.on.close = true
	internal.throw.on.fetch.stable.offset.unsupported = false
	isolation.level = read_uncommitted
	key.deserializer = class org.apache.kafka.common.serialization.StringDeserializer
	max.partition.fetch.bytes = 1048576
	max.poll.interval.ms = 300000
	max.poll.records = 500
	metadata.max.age.ms = 300000
	metric.reporters = []
	metrics.num.samples = 2
	metrics.recording.level = INFO
	metrics.sample.window.ms = 30000
	partition.assignment.strategy = [class org.apache.kafka.clients.consumer.RangeAssignor, class org.apache.kafka.clients.consumer.CooperativeStickyAssignor]
	receive.buffer.bytes = 65536
	reconnect.backoff.max.ms = 1000
	reconnect.backoff.ms = 50
	request.timeout.ms = 30000
	retry.backoff.max.ms = 1000
	retry.backoff.ms = 100
	sasl.client.callback.handler.class = null
	sasl.jaas.config = null
	sasl.kerberos.kinit.cmd = /usr/bin/kinit
	sasl.kerberos.min.time.before.relogin = 60000
	sasl.kerberos.service.name = null
	sasl.kerberos.ticket.renew.jitter = 0.05
	sasl.kerberos.ticket.renew.window.factor = 0.8
	sasl.login.callback.handler.class = null
	sasl.login.class = null
	sasl.login.connect.timeout.ms = null
	sasl.login.read.timeout.ms = null
	sasl.login.refresh.buffer.seconds = 300
	sasl.login.refresh.min.period.seconds = 60
	sasl.login.refresh.window.factor = 0.8
	sasl.login.refresh.window.jitter = 0.05
	sasl.login.retry.backoff.max.ms = 10000
	sasl.login.retry.backoff.ms = 100
	sasl.mechanism = GSSAPI
	sasl.oauthbearer.clock.skew.seconds = 30
	sasl.oauthbearer.expected.audience = null
	sasl.oauthbearer.expected.issuer = null
	sasl.oauthbearer.jwks.endpoint.refresh.ms = 3600000
	sasl.oauthbearer.jwks.endpoint.retry.backoff.max.ms = 10000
	sasl.oauthbearer.jwks.endpoint.retry.backoff.ms = 100
	sasl.oauthbearer.jwks.endpoint.url = null
	sasl.oauthbearer.scope.claim.name = scope
	sasl.oauthbearer.sub.claim.name = sub
	sasl.oauthbearer.token.endpoint.url = null
	security.protocol = PLAINTEXT
	security.providers = null
	send.buffer.bytes = 131072
	session.timeout.ms = 45000
	socket.connection.setup.timeout.max.ms = 30000
	socket.connection.setup.timeout.ms = 10000
	ssl.cipher.suites = null
	ssl.enabled.protocols = [TLSv1.2, TLSv1.3]
	ssl.endpoint.identification.algorithm = https
	ssl.engine.factory.class = null
	ssl.key.password = null
	ssl.keymanager.algorithm = SunX509
	ssl.keystore.certificate.chain = null
	ssl.keystore.key = null
	ssl.keystore.location = null
	ssl.keystore.password = null
	ssl.keystore.type = JKS
	ssl.protocol = TLSv1.3
	ssl.provider = null
	ssl.secure.random.implementation = null
	ssl.trustmanager.algorithm = PKIX
	ssl.truststore.certificates = null
	ssl.truststore.location = null
	ssl.truststore.password = null
	ssl.truststore.type = JKS
	value.deserializer = class org.apache.kafka.common.serialization.ByteArrayDeserializer

2025-05-01T00:33:20.600+05:00  INFO 13544 --- [BrusnikaCoworking] [    Test worker] o.a.k.c.t.i.KafkaMetricsCollector        : initializing Kafka metrics collector
2025-05-01T00:33:20.793+05:00  INFO 13544 --- [BrusnikaCoworking] [    Test worker] o.a.k.clients.consumer.ConsumerConfig    : These configurations '[spring.json.add.type.headers]' were supplied but are not used yet.
2025-05-01T00:33:20.795+05:00  INFO 13544 --- [BrusnikaCoworking] [    Test worker] o.a.kafka.common.utils.AppInfoParser     : Kafka version: 3.7.1
2025-05-01T00:33:20.796+05:00  INFO 13544 --- [BrusnikaCoworking] [    Test worker] o.a.kafka.common.utils.AppInfoParser     : Kafka commitId: e2494e6ffb89f828
2025-05-01T00:33:20.796+05:00  INFO 13544 --- [BrusnikaCoworking] [    Test worker] o.a.kafka.common.utils.AppInfoParser     : Kafka startTimeMs: 1746041600794
2025-05-01T00:33:20.802+05:00  INFO 13544 --- [BrusnikaCoworking] [    Test worker] o.a.k.c.c.internals.LegacyKafkaConsumer  : [Consumer clientId=consumer-some-1, groupId=some] Subscribed to topic(s): email_message_reserval_group
2025-05-01T00:33:20.811+05:00  INFO 13544 --- [BrusnikaCoworking] [    Test worker] o.a.k.clients.consumer.ConsumerConfig    : ConsumerConfig values: 
	allow.auto.create.topics = true
	auto.commit.interval.ms = 5000
	auto.include.jmx.reporter = true
	auto.offset.reset = latest
	bootstrap.servers = [localhost:9092]
	check.crcs = true
	client.dns.lookup = use_all_dns_ips
	client.id = consumer-some-2
	client.rack = 
	connections.max.idle.ms = 540000
	default.api.timeout.ms = 60000
	enable.auto.commit = false
	enable.metrics.push = true
	exclude.internal.topics = true
	fetch.max.bytes = 52428800
	fetch.max.wait.ms = 500
	fetch.min.bytes = 1
	group.id = some
	group.instance.id = null
	group.protocol = classic
	group.remote.assignor = null
	heartbeat.interval.ms = 3000
	interceptor.classes = []
	internal.leave.group.on.close = true
	internal.throw.on.fetch.stable.offset.unsupported = false
	isolation.level = read_uncommitted
	key.deserializer = class org.apache.kafka.common.serialization.StringDeserializer
	max.partition.fetch.bytes = 1048576
	max.poll.interval.ms = 300000
	max.poll.records = 500
	metadata.max.age.ms = 300000
	metric.reporters = []
	metrics.num.samples = 2
	metrics.recording.level = INFO
	metrics.sample.window.ms = 30000
	partition.assignment.strategy = [class org.apache.kafka.clients.consumer.RangeAssignor, class org.apache.kafka.clients.consumer.CooperativeStickyAssignor]
	receive.buffer.bytes = 65536
	reconnect.backoff.max.ms = 1000
	reconnect.backoff.ms = 50
	request.timeout.ms = 30000
	retry.backoff.max.ms = 1000
	retry.backoff.ms = 100
	sasl.client.callback.handler.class = null
	sasl.jaas.config = null
	sasl.kerberos.kinit.cmd = /usr/bin/kinit
	sasl.kerberos.min.time.before.relogin = 60000
	sasl.kerberos.service.name = null
	sasl.kerberos.ticket.renew.jitter = 0.05
	sasl.kerberos.ticket.renew.window.factor = 0.8
	sasl.login.callback.handler.class = null
	sasl.login.class = null
	sasl.login.connect.timeout.ms = null
	sasl.login.read.timeout.ms = null
	sasl.login.refresh.buffer.seconds = 300
	sasl.login.refresh.min.period.seconds = 60
	sasl.login.refresh.window.factor = 0.8
	sasl.login.refresh.window.jitter = 0.05
	sasl.login.retry.backoff.max.ms = 10000
	sasl.login.retry.backoff.ms = 100
	sasl.mechanism = GSSAPI
	sasl.oauthbearer.clock.skew.seconds = 30
	sasl.oauthbearer.expected.audience = null
	sasl.oauthbearer.expected.issuer = null
	sasl.oauthbearer.jwks.endpoint.refresh.ms = 3600000
	sasl.oauthbearer.jwks.endpoint.retry.backoff.max.ms = 10000
	sasl.oauthbearer.jwks.endpoint.retry.backoff.ms = 100
	sasl.oauthbearer.jwks.endpoint.url = null
	sasl.oauthbearer.scope.claim.name = scope
	sasl.oauthbearer.sub.claim.name = sub
	sasl.oauthbearer.token.endpoint.url = null
	security.protocol = PLAINTEXT
	security.providers = null
	send.buffer.bytes = 131072
	session.timeout.ms = 45000
	socket.connection.setup.timeout.max.ms = 30000
	socket.connection.setup.timeout.ms = 10000
	ssl.cipher.suites = null
	ssl.enabled.protocols = [TLSv1.2, TLSv1.3]
	ssl.endpoint.identification.algorithm = https
	ssl.engine.factory.class = null
	ssl.key.password = null
	ssl.keymanager.algorithm = SunX509
	ssl.keystore.certificate.chain = null
	ssl.keystore.key = null
	ssl.keystore.location = null
	ssl.keystore.password = null
	ssl.keystore.type = JKS
	ssl.protocol = TLSv1.3
	ssl.provider = null
	ssl.secure.random.implementation = null
	ssl.trustmanager.algorithm = PKIX
	ssl.truststore.certificates = null
	ssl.truststore.location = null
	ssl.truststore.password = null
	ssl.truststore.type = JKS
	value.deserializer = class org.apache.kafka.common.serialization.ByteArrayDeserializer

2025-05-01T00:33:20.813+05:00  INFO 13544 --- [BrusnikaCoworking] [    Test worker] o.a.k.c.t.i.KafkaMetricsCollector        : initializing Kafka metrics collector
2025-05-01T00:33:20.823+05:00  INFO 13544 --- [BrusnikaCoworking] [    Test worker] o.a.k.clients.consumer.ConsumerConfig    : These configurations '[spring.json.add.type.headers]' were supplied but are not used yet.
2025-05-01T00:33:20.823+05:00  INFO 13544 --- [BrusnikaCoworking] [    Test worker] o.a.kafka.common.utils.AppInfoParser     : Kafka version: 3.7.1
2025-05-01T00:33:20.823+05:00  INFO 13544 --- [BrusnikaCoworking] [    Test worker] o.a.kafka.common.utils.AppInfoParser     : Kafka commitId: e2494e6ffb89f828
2025-05-01T00:33:20.823+05:00  INFO 13544 --- [BrusnikaCoworking] [    Test worker] o.a.kafka.common.utils.AppInfoParser     : Kafka startTimeMs: 1746041600823
2025-05-01T00:33:20.824+05:00  INFO 13544 --- [BrusnikaCoworking] [    Test worker] o.a.k.c.c.internals.LegacyKafkaConsumer  : [Consumer clientId=consumer-some-2, groupId=some] Subscribed to topic(s): email_message_reserval
2025-05-01T00:33:20.826+05:00  INFO 13544 --- [BrusnikaCoworking] [    Test worker] o.a.k.clients.consumer.ConsumerConfig    : ConsumerConfig values: 
	allow.auto.create.topics = true
	auto.commit.interval.ms = 5000
	auto.include.jmx.reporter = true
	auto.offset.reset = latest
	bootstrap.servers = [localhost:9092]
	check.crcs = true
	client.dns.lookup = use_all_dns_ips
	client.id = consumer-some-3
	client.rack = 
	connections.max.idle.ms = 540000
	default.api.timeout.ms = 60000
	enable.auto.commit = false
	enable.metrics.push = true
	exclude.internal.topics = true
	fetch.max.bytes = 52428800
	fetch.max.wait.ms = 500
	fetch.min.bytes = 1
	group.id = some
	group.instance.id = null
	group.protocol = classic
	group.remote.assignor = null
	heartbeat.interval.ms = 3000
	interceptor.classes = []
	internal.leave.group.on.close = true
	internal.throw.on.fetch.stable.offset.unsupported = false
	isolation.level = read_uncommitted
	key.deserializer = class org.apache.kafka.common.serialization.StringDeserializer
	max.partition.fetch.bytes = 1048576
	max.poll.interval.ms = 300000
	max.poll.records = 500
	metadata.max.age.ms = 300000
	metric.reporters = []
	metrics.num.samples = 2
	metrics.recording.level = INFO
	metrics.sample.window.ms = 30000
	partition.assignment.strategy = [class org.apache.kafka.clients.consumer.RangeAssignor, class org.apache.kafka.clients.consumer.CooperativeStickyAssignor]
	receive.buffer.bytes = 65536
	reconnect.backoff.max.ms = 1000
	reconnect.backoff.ms = 50
	request.timeout.ms = 30000
	retry.backoff.max.ms = 1000
	retry.backoff.ms = 100
	sasl.client.callback.handler.class = null
	sasl.jaas.config = null
	sasl.kerberos.kinit.cmd = /usr/bin/kinit
	sasl.kerberos.min.time.before.relogin = 60000
	sasl.kerberos.service.name = null
	sasl.kerberos.ticket.renew.jitter = 0.05
	sasl.kerberos.ticket.renew.window.factor = 0.8
	sasl.login.callback.handler.class = null
	sasl.login.class = null
	sasl.login.connect.timeout.ms = null
	sasl.login.read.timeout.ms = null
	sasl.login.refresh.buffer.seconds = 300
	sasl.login.refresh.min.period.seconds = 60
	sasl.login.refresh.window.factor = 0.8
	sasl.login.refresh.window.jitter = 0.05
	sasl.login.retry.backoff.max.ms = 10000
	sasl.login.retry.backoff.ms = 100
	sasl.mechanism = GSSAPI
	sasl.oauthbearer.clock.skew.seconds = 30
	sasl.oauthbearer.expected.audience = null
	sasl.oauthbearer.expected.issuer = null
	sasl.oauthbearer.jwks.endpoint.refresh.ms = 3600000
	sasl.oauthbearer.jwks.endpoint.retry.backoff.max.ms = 10000
	sasl.oauthbearer.jwks.endpoint.retry.backoff.ms = 100
	sasl.oauthbearer.jwks.endpoint.url = null
	sasl.oauthbearer.scope.claim.name = scope
	sasl.oauthbearer.sub.claim.name = sub
	sasl.oauthbearer.token.endpoint.url = null
	security.protocol = PLAINTEXT
	security.providers = null
	send.buffer.bytes = 131072
	session.timeout.ms = 45000
	socket.connection.setup.timeout.max.ms = 30000
	socket.connection.setup.timeout.ms = 10000
	ssl.cipher.suites = null
	ssl.enabled.protocols = [TLSv1.2, TLSv1.3]
	ssl.endpoint.identification.algorithm = https
	ssl.engine.factory.class = null
	ssl.key.password = null
	ssl.keymanager.algorithm = SunX509
	ssl.keystore.certificate.chain = null
	ssl.keystore.key = null
	ssl.keystore.location = null
	ssl.keystore.password = null
	ssl.keystore.type = JKS
	ssl.protocol = TLSv1.3
	ssl.provider = null
	ssl.secure.random.implementation = null
	ssl.trustmanager.algorithm = PKIX
	ssl.truststore.certificates = null
	ssl.truststore.location = null
	ssl.truststore.password = null
	ssl.truststore.type = JKS
	value.deserializer = class org.apache.kafka.common.serialization.ByteArrayDeserializer

2025-05-01T00:33:20.827+05:00  INFO 13544 --- [BrusnikaCoworking] [    Test worker] o.a.k.c.t.i.KafkaMetricsCollector        : initializing Kafka metrics collector
2025-05-01T00:33:20.838+05:00  INFO 13544 --- [BrusnikaCoworking] [    Test worker] o.a.k.clients.consumer.ConsumerConfig    : These configurations '[spring.json.add.type.headers]' were supplied but are not used yet.
2025-05-01T00:33:20.839+05:00  INFO 13544 --- [BrusnikaCoworking] [    Test worker] o.a.kafka.common.utils.AppInfoParser     : Kafka version: 3.7.1
2025-05-01T00:33:20.839+05:00  INFO 13544 --- [BrusnikaCoworking] [    Test worker] o.a.kafka.common.utils.AppInfoParser     : Kafka commitId: e2494e6ffb89f828
2025-05-01T00:33:20.839+05:00  INFO 13544 --- [BrusnikaCoworking] [    Test worker] o.a.kafka.common.utils.AppInfoParser     : Kafka startTimeMs: 1746041600839
2025-05-01T00:33:20.840+05:00  INFO 13544 --- [BrusnikaCoworking] [    Test worker] o.a.k.c.c.internals.LegacyKafkaConsumer  : [Consumer clientId=consumer-some-3, groupId=some] Subscribed to topic(s): email_message_password
2025-05-01T00:33:20.842+05:00  INFO 13544 --- [BrusnikaCoworking] [    Test worker] o.a.k.clients.consumer.ConsumerConfig    : ConsumerConfig values: 
	allow.auto.create.topics = true
	auto.commit.interval.ms = 5000
	auto.include.jmx.reporter = true
	auto.offset.reset = latest
	bootstrap.servers = [localhost:9092]
	check.crcs = true
	client.dns.lookup = use_all_dns_ips
	client.id = consumer-some-4
	client.rack = 
	connections.max.idle.ms = 540000
	default.api.timeout.ms = 60000
	enable.auto.commit = false
	enable.metrics.push = true
	exclude.internal.topics = true
	fetch.max.bytes = 52428800
	fetch.max.wait.ms = 500
	fetch.min.bytes = 1
	group.id = some
	group.instance.id = null
	group.protocol = classic
	group.remote.assignor = null
	heartbeat.interval.ms = 3000
	interceptor.classes = []
	internal.leave.group.on.close = true
	internal.throw.on.fetch.stable.offset.unsupported = false
	isolation.level = read_uncommitted
	key.deserializer = class org.apache.kafka.common.serialization.StringDeserializer
	max.partition.fetch.bytes = 1048576
	max.poll.interval.ms = 300000
	max.poll.records = 500
	metadata.max.age.ms = 300000
	metric.reporters = []
	metrics.num.samples = 2
	metrics.recording.level = INFO
	metrics.sample.window.ms = 30000
	partition.assignment.strategy = [class org.apache.kafka.clients.consumer.RangeAssignor, class org.apache.kafka.clients.consumer.CooperativeStickyAssignor]
	receive.buffer.bytes = 65536
	reconnect.backoff.max.ms = 1000
	reconnect.backoff.ms = 50
	request.timeout.ms = 30000
	retry.backoff.max.ms = 1000
	retry.backoff.ms = 100
	sasl.client.callback.handler.class = null
	sasl.jaas.config = null
	sasl.kerberos.kinit.cmd = /usr/bin/kinit
	sasl.kerberos.min.time.before.relogin = 60000
	sasl.kerberos.service.name = null
	sasl.kerberos.ticket.renew.jitter = 0.05
	sasl.kerberos.ticket.renew.window.factor = 0.8
	sasl.login.callback.handler.class = null
	sasl.login.class = null
	sasl.login.connect.timeout.ms = null
	sasl.login.read.timeout.ms = null
	sasl.login.refresh.buffer.seconds = 300
	sasl.login.refresh.min.period.seconds = 60
	sasl.login.refresh.window.factor = 0.8
	sasl.login.refresh.window.jitter = 0.05
	sasl.login.retry.backoff.max.ms = 10000
	sasl.login.retry.backoff.ms = 100
	sasl.mechanism = GSSAPI
	sasl.oauthbearer.clock.skew.seconds = 30
	sasl.oauthbearer.expected.audience = null
	sasl.oauthbearer.expected.issuer = null
	sasl.oauthbearer.jwks.endpoint.refresh.ms = 3600000
	sasl.oauthbearer.jwks.endpoint.retry.backoff.max.ms = 10000
	sasl.oauthbearer.jwks.endpoint.retry.backoff.ms = 100
	sasl.oauthbearer.jwks.endpoint.url = null
	sasl.oauthbearer.scope.claim.name = scope
	sasl.oauthbearer.sub.claim.name = sub
	sasl.oauthbearer.token.endpoint.url = null
	security.protocol = PLAINTEXT
	security.providers = null
	send.buffer.bytes = 131072
	session.timeout.ms = 45000
	socket.connection.setup.timeout.max.ms = 30000
	socket.connection.setup.timeout.ms = 10000
	ssl.cipher.suites = null
	ssl.enabled.protocols = [TLSv1.2, TLSv1.3]
	ssl.endpoint.identification.algorithm = https
	ssl.engine.factory.class = null
	ssl.key.password = null
	ssl.keymanager.algorithm = SunX509
	ssl.keystore.certificate.chain = null
	ssl.keystore.key = null
	ssl.keystore.location = null
	ssl.keystore.password = null
	ssl.keystore.type = JKS
	ssl.protocol = TLSv1.3
	ssl.provider = null
	ssl.secure.random.implementation = null
	ssl.trustmanager.algorithm = PKIX
	ssl.truststore.certificates = null
	ssl.truststore.location = null
	ssl.truststore.password = null
	ssl.truststore.type = JKS
	value.deserializer = class org.apache.kafka.common.serialization.ByteArrayDeserializer

2025-05-01T00:33:20.844+05:00  INFO 13544 --- [BrusnikaCoworking] [    Test worker] o.a.k.c.t.i.KafkaMetricsCollector        : initializing Kafka metrics collector
2025-05-01T00:33:20.854+05:00  INFO 13544 --- [BrusnikaCoworking] [    Test worker] o.a.k.clients.consumer.ConsumerConfig    : These configurations '[spring.json.add.type.headers]' were supplied but are not used yet.
2025-05-01T00:33:20.854+05:00  INFO 13544 --- [BrusnikaCoworking] [    Test worker] o.a.kafka.common.utils.AppInfoParser     : Kafka version: 3.7.1
2025-05-01T00:33:20.855+05:00  INFO 13544 --- [BrusnikaCoworking] [    Test worker] o.a.kafka.common.utils.AppInfoParser     : Kafka commitId: e2494e6ffb89f828
2025-05-01T00:33:20.855+05:00  INFO 13544 --- [BrusnikaCoworking] [    Test worker] o.a.kafka.common.utils.AppInfoParser     : Kafka startTimeMs: 1746041600854
2025-05-01T00:33:20.855+05:00  INFO 13544 --- [BrusnikaCoworking] [    Test worker] o.a.k.c.c.internals.LegacyKafkaConsumer  : [Consumer clientId=consumer-some-4, groupId=some] Subscribed to topic(s): email_message_registration
2025-05-01T00:33:20.875+05:00  INFO 13544 --- [BrusnikaCoworking] [    Test worker] c.e.B.BrusnikaCoworkingApplicationTests  : Started BrusnikaCoworkingApplicationTests in 6.517 seconds (process running for 7.878)
2025-05-01T00:33:21.172+05:00 DEBUG 13544 --- [BrusnikaCoworking] [    AsyncTask-1] org.hibernate.SQL                        : select te1_0.id_task,te1_0.id_reserval,te1_0.send_time,te1_0.type from task te1_0 where te1_0.send_time<=? and te1_0.type=?
2025-05-01T00:33:21.172+05:00 DEBUG 13544 --- [BrusnikaCoworking] [    Test worker] org.hibernate.SQL                        : select ue1_0.id_user,ue1_0.count_block,ue1_0.password,ue1_0.realname,ue1_0.role,ue1_0.username from users ue1_0 where ue1_0.username=?
2025-05-01T00:33:21.213+05:00 DEBUG 13544 --- [BrusnikaCoworking] [    Test worker] org.hibernate.SQL                        : select ue1_0.id_user,ue1_0.count_block,ue1_0.password,ue1_0.realname,ue1_0.role,ue1_0.username from users ue1_0 where ue1_0.username=?
2025-05-01T00:33:21.482+05:00  INFO 13544 --- [BrusnikaCoworking] [ntainer#2-0-C-1] org.apache.kafka.clients.Metadata        : [Consumer clientId=consumer-some-1, groupId=some] Cluster ID: knmi4icVS1GlaX0KUlZ97Q
2025-05-01T00:33:21.482+05:00  INFO 13544 --- [BrusnikaCoworking] [ntainer#1-0-C-1] org.apache.kafka.clients.Metadata        : [Consumer clientId=consumer-some-4, groupId=some] Cluster ID: knmi4icVS1GlaX0KUlZ97Q
2025-05-01T00:33:21.482+05:00  INFO 13544 --- [BrusnikaCoworking] [ntainer#3-0-C-1] org.apache.kafka.clients.Metadata        : [Consumer clientId=consumer-some-2, groupId=some] Cluster ID: knmi4icVS1GlaX0KUlZ97Q
2025-05-01T00:33:21.482+05:00  INFO 13544 --- [BrusnikaCoworking] [ntainer#0-0-C-1] org.apache.kafka.clients.Metadata        : [Consumer clientId=consumer-some-3, groupId=some] Cluster ID: knmi4icVS1GlaX0KUlZ97Q
2025-05-01T00:33:21.483+05:00  INFO 13544 --- [BrusnikaCoworking] [ntainer#1-0-C-1] o.a.k.c.c.internals.ConsumerCoordinator  : [Consumer clientId=consumer-some-4, groupId=some] Discovered group coordinator localhost:9092 (id: 2147483646 rack: null)
2025-05-01T00:33:21.483+05:00  INFO 13544 --- [BrusnikaCoworking] [ntainer#3-0-C-1] o.a.k.c.c.internals.ConsumerCoordinator  : [Consumer clientId=consumer-some-2, groupId=some] Discovered group coordinator localhost:9092 (id: 2147483646 rack: null)
2025-05-01T00:33:21.483+05:00  INFO 13544 --- [BrusnikaCoworking] [ntainer#0-0-C-1] o.a.k.c.c.internals.ConsumerCoordinator  : [Consumer clientId=consumer-some-3, groupId=some] Discovered group coordinator localhost:9092 (id: 2147483646 rack: null)
2025-05-01T00:33:21.483+05:00  INFO 13544 --- [BrusnikaCoworking] [ntainer#2-0-C-1] o.a.k.c.c.internals.ConsumerCoordinator  : [Consumer clientId=consumer-some-1, groupId=some] Discovered group coordinator localhost:9092 (id: 2147483646 rack: null)
2025-05-01T00:33:21.487+05:00  INFO 13544 --- [BrusnikaCoworking] [ntainer#2-0-C-1] o.a.k.c.c.internals.ConsumerCoordinator  : [Consumer clientId=consumer-some-1, groupId=some] (Re-)joining group
2025-05-01T00:33:21.488+05:00  INFO 13544 --- [BrusnikaCoworking] [ntainer#0-0-C-1] o.a.k.c.c.internals.ConsumerCoordinator  : [Consumer clientId=consumer-some-3, groupId=some] (Re-)joining group
2025-05-01T00:33:21.487+05:00  INFO 13544 --- [BrusnikaCoworking] [ntainer#1-0-C-1] o.a.k.c.c.internals.ConsumerCoordinator  : [Consumer clientId=consumer-some-4, groupId=some] (Re-)joining group
2025-05-01T00:33:21.487+05:00  INFO 13544 --- [BrusnikaCoworking] [ntainer#3-0-C-1] o.a.k.c.c.internals.ConsumerCoordinator  : [Consumer clientId=consumer-some-2, groupId=some] (Re-)joining group
2025-05-01T00:33:21.521+05:00  INFO 13544 --- [BrusnikaCoworking] [ntainer#0-0-C-1] o.a.k.c.c.internals.ConsumerCoordinator  : [Consumer clientId=consumer-some-3, groupId=some] Request joining group due to: need to re-join with the given member-id: consumer-some-3-8d054137-0c3e-442e-9d46-7b2241e5483b
2025-05-01T00:33:21.521+05:00  INFO 13544 --- [BrusnikaCoworking] [ntainer#1-0-C-1] o.a.k.c.c.internals.ConsumerCoordinator  : [Consumer clientId=consumer-some-4, groupId=some] Request joining group due to: need to re-join with the given member-id: consumer-some-4-a3d99475-247b-418f-9db7-1bb6dde28013
2025-05-01T00:33:21.521+05:00  INFO 13544 --- [BrusnikaCoworking] [ntainer#2-0-C-1] o.a.k.c.c.internals.ConsumerCoordinator  : [Consumer clientId=consumer-some-1, groupId=some] Request joining group due to: need to re-join with the given member-id: consumer-some-1-6e86407d-1d38-4332-8795-3c3ec9a310cc
2025-05-01T00:33:21.521+05:00  INFO 13544 --- [BrusnikaCoworking] [ntainer#3-0-C-1] o.a.k.c.c.internals.ConsumerCoordinator  : [Consumer clientId=consumer-some-2, groupId=some] Request joining group due to: need to re-join with the given member-id: consumer-some-2-cbdea3dc-1711-4fbd-ae61-92e3381b1e6a
2025-05-01T00:33:21.521+05:00  INFO 13544 --- [BrusnikaCoworking] [ntainer#1-0-C-1] o.a.k.c.c.internals.ConsumerCoordinator  : [Consumer clientId=consumer-some-4, groupId=some] (Re-)joining group
2025-05-01T00:33:21.521+05:00  INFO 13544 --- [BrusnikaCoworking] [ntainer#2-0-C-1] o.a.k.c.c.internals.ConsumerCoordinator  : [Consumer clientId=consumer-some-1, groupId=some] (Re-)joining group
2025-05-01T00:33:21.521+05:00  INFO 13544 --- [BrusnikaCoworking] [ntainer#3-0-C-1] o.a.k.c.c.internals.ConsumerCoordinator  : [Consumer clientId=consumer-some-2, groupId=some] (Re-)joining group
2025-05-01T00:33:21.521+05:00  INFO 13544 --- [BrusnikaCoworking] [ntainer#0-0-C-1] o.a.k.c.c.internals.ConsumerCoordinator  : [Consumer clientId=consumer-some-3, groupId=some] (Re-)joining group
2025-05-01T00:33:21.630+05:00 DEBUG 13544 --- [BrusnikaCoworking] [    Test worker] org.hibernate.SQL                        : select count(*) from coworking ce1_0
2025-05-01T00:33:21.655+05:00 DEBUG 13544 --- [BrusnikaCoworking] [    Test worker] org.hibernate.SQL                        : insert into code (code,send_time) values (?,?) returning id_code
]]></system-out>
  <system-err><![CDATA[WARNING: A Java agent has been loaded dynamically (C:\Users\Daria\.gradle\caches\modules-2\files-2.1\net.bytebuddy\byte-buddy-agent\1.14.19\154da3a65b4f4a909d3e5bdec55d1b2b4cbb6ce1\byte-buddy-agent-1.14.19.jar)
WARNING: If a serviceability tool is in use, please run with -XX:+EnableDynamicAgentLoading to hide this warning
WARNING: If a serviceability tool is not in use, please run with -Djdk.instrument.traceUsage for more information
WARNING: Dynamic loading of agents will be disallowed by default in a future release
]]></system-err>
</testsuite>
