<?xml version="1.0" encoding="UTF-8"?>
<testsuite name="com.example.BrusnikaCoworking.BrusnikaCoworkingApplicationTests" tests="1" skipped="0" failures="0" errors="0" timestamp="2024-12-10T20:27:32" hostname="KOMPUTER" time="0.71">
  <properties/>
  <testcase name="contextLoads()" classname="com.example.BrusnikaCoworking.BrusnikaCoworkingApplicationTests" time="0.71"/>
  <system-out><![CDATA[01:27:26.485 [Test worker] INFO org.springframework.test.context.support.AnnotationConfigContextLoaderUtils -- Could not detect default configuration classes for test class [com.example.BrusnikaCoworking.BrusnikaCoworkingApplicationTests]: BrusnikaCoworkingApplicationTests does not declare any static, non-private, non-final, nested classes annotated with @Configuration.
01:27:26.602 [Test worker] INFO org.springframework.boot.test.context.SpringBootTestContextBootstrapper -- Found @SpringBootConfiguration com.example.BrusnikaCoworking.BrusnikaCoworkingApplication for test class com.example.BrusnikaCoworking.BrusnikaCoworkingApplicationTests

  .   ____          _            __ _ _
 /\\ / ___'_ __ _ _(_)_ __  __ _ \ \ \ \
( ( )\___ | '_ | '_| | '_ \/ _` | \ \ \ \
 \\/  ___)| |_)| | | | | || (_| |  ) ) ) )
  '  |____| .__|_| |_|_| |_\__, | / / / /
 =========|_|==============|___/=/_/_/_/

 :: Spring Boot ::                (v3.3.4)

2024-12-11T01:27:27.096+05:00  INFO 4064 --- [BrusnikaCoworking] [    Test worker] c.e.B.BrusnikaCoworkingApplicationTests  : Starting BrusnikaCoworkingApplicationTests using Java 21 with PID 4064 (started by Daria in C:\WORK\Programming\Spring\BrusnikaCoworking)
2024-12-11T01:27:27.097+05:00  INFO 4064 --- [BrusnikaCoworking] [    Test worker] c.e.B.BrusnikaCoworkingApplicationTests  : No active profile set, falling back to 1 default profile: "default"
2024-12-11T01:27:27.942+05:00  INFO 4064 --- [BrusnikaCoworking] [    Test worker] .s.d.r.c.RepositoryConfigurationDelegate : Bootstrapping Spring Data JPA repositories in DEFAULT mode.
2024-12-11T01:27:28.015+05:00  INFO 4064 --- [BrusnikaCoworking] [    Test worker] .s.d.r.c.RepositoryConfigurationDelegate : Finished Spring Data repository scanning in 63 ms. Found 1 JPA repository interface.
2024-12-11T01:27:28.720+05:00  INFO 4064 --- [BrusnikaCoworking] [    Test worker] o.hibernate.jpa.internal.util.LogHelper  : HHH000204: Processing PersistenceUnitInfo [name: default]
2024-12-11T01:27:28.806+05:00  INFO 4064 --- [BrusnikaCoworking] [    Test worker] org.hibernate.Version                    : HHH000412: Hibernate ORM core version 6.5.3.Final
2024-12-11T01:27:28.855+05:00  INFO 4064 --- [BrusnikaCoworking] [    Test worker] o.h.c.internal.RegionFactoryInitiator    : HHH000026: Second-level cache disabled
2024-12-11T01:27:28.970+05:00  INFO 4064 --- [BrusnikaCoworking] [    Test worker] com.zaxxer.hikari.HikariDataSource       : HikariPool-1 - Starting...
2024-12-11T01:27:29.095+05:00  INFO 4064 --- [BrusnikaCoworking] [    Test worker] com.zaxxer.hikari.pool.HikariPool        : HikariPool-1 - Added connection org.postgresql.jdbc.PgConnection@3d8d52be
2024-12-11T01:27:29.097+05:00  INFO 4064 --- [BrusnikaCoworking] [    Test worker] com.zaxxer.hikari.HikariDataSource       : HikariPool-1 - Start completed.
2024-12-11T01:27:29.448+05:00  INFO 4064 --- [BrusnikaCoworking] [    Test worker] o.s.o.j.p.SpringPersistenceUnitInfo      : No LoadTimeWeaver setup: ignoring JPA class transformer
2024-12-11T01:27:30.334+05:00  INFO 4064 --- [BrusnikaCoworking] [    Test worker] o.h.e.t.j.p.i.JtaPlatformInitiator       : HHH000489: No JTA platform available (set 'hibernate.transaction.jta.platform' to enable JTA platform integration)
2024-12-11T01:27:30.406+05:00  INFO 4064 --- [BrusnikaCoworking] [    Test worker] j.LocalContainerEntityManagerFactoryBean : Initialized JPA EntityManagerFactory for persistence unit 'default'
2024-12-11T01:27:30.948+05:00  INFO 4064 --- [BrusnikaCoworking] [    Test worker] eAuthenticationProviderManagerConfigurer : Global AuthenticationManager configured with AuthenticationProvider bean with name authenticationProvider
2024-12-11T01:27:30.950+05:00  WARN 4064 --- [BrusnikaCoworking] [    Test worker] r$InitializeUserDetailsManagerConfigurer : Global AuthenticationManager configured with an AuthenticationProvider bean. UserDetailsService beans will not be used for username/password login. Consider removing the AuthenticationProvider bean. Alternatively, consider using the UserDetailsService in a manually instantiated DaoAuthenticationProvider.
2024-12-11T01:27:32.484+05:00  INFO 4064 --- [BrusnikaCoworking] [    Test worker] o.a.k.clients.consumer.ConsumerConfig    : ConsumerConfig values: 
	allow.auto.create.topics = true
	auto.commit.interval.ms = 5000
	auto.include.jmx.reporter = true
	auto.offset.reset = latest
	bootstrap.servers = [localhost:9092]
	check.crcs = true
	client.dns.lookup = use_all_dns_ips
	client.id = consumer-some-1
	client.rack = 
	connections.max.idle.ms = 540000
	default.api.timeout.ms = 60000
	enable.auto.commit = false
	enable.metrics.push = true
	exclude.internal.topics = true
	fetch.max.bytes = 52428800
	fetch.max.wait.ms = 500
	fetch.min.bytes = 1
	group.id = some
	group.instance.id = null
	group.protocol = classic
	group.remote.assignor = null
	heartbeat.interval.ms = 3000
	interceptor.classes = []
	internal.leave.group.on.close = true
	internal.throw.on.fetch.stable.offset.unsupported = false
	isolation.level = read_uncommitted
	key.deserializer = class org.apache.kafka.common.serialization.StringDeserializer
	max.partition.fetch.bytes = 1048576
	max.poll.interval.ms = 300000
	max.poll.records = 500
	metadata.max.age.ms = 300000
	metric.reporters = []
	metrics.num.samples = 2
	metrics.recording.level = INFO
	metrics.sample.window.ms = 30000
	partition.assignment.strategy = [class org.apache.kafka.clients.consumer.RangeAssignor, class org.apache.kafka.clients.consumer.CooperativeStickyAssignor]
	receive.buffer.bytes = 65536
	reconnect.backoff.max.ms = 1000
	reconnect.backoff.ms = 50
	request.timeout.ms = 30000
	retry.backoff.max.ms = 1000
	retry.backoff.ms = 100
	sasl.client.callback.handler.class = null
	sasl.jaas.config = null
	sasl.kerberos.kinit.cmd = /usr/bin/kinit
	sasl.kerberos.min.time.before.relogin = 60000
	sasl.kerberos.service.name = null
	sasl.kerberos.ticket.renew.jitter = 0.05
	sasl.kerberos.ticket.renew.window.factor = 0.8
	sasl.login.callback.handler.class = null
	sasl.login.class = null
	sasl.login.connect.timeout.ms = null
	sasl.login.read.timeout.ms = null
	sasl.login.refresh.buffer.seconds = 300
	sasl.login.refresh.min.period.seconds = 60
	sasl.login.refresh.window.factor = 0.8
	sasl.login.refresh.window.jitter = 0.05
	sasl.login.retry.backoff.max.ms = 10000
	sasl.login.retry.backoff.ms = 100
	sasl.mechanism = GSSAPI
	sasl.oauthbearer.clock.skew.seconds = 30
	sasl.oauthbearer.expected.audience = null
	sasl.oauthbearer.expected.issuer = null
	sasl.oauthbearer.jwks.endpoint.refresh.ms = 3600000
	sasl.oauthbearer.jwks.endpoint.retry.backoff.max.ms = 10000
	sasl.oauthbearer.jwks.endpoint.retry.backoff.ms = 100
	sasl.oauthbearer.jwks.endpoint.url = null
	sasl.oauthbearer.scope.claim.name = scope
	sasl.oauthbearer.sub.claim.name = sub
	sasl.oauthbearer.token.endpoint.url = null
	security.protocol = PLAINTEXT
	security.providers = null
	send.buffer.bytes = 131072
	session.timeout.ms = 45000
	socket.connection.setup.timeout.max.ms = 30000
	socket.connection.setup.timeout.ms = 10000
	ssl.cipher.suites = null
	ssl.enabled.protocols = [TLSv1.2, TLSv1.3]
	ssl.endpoint.identification.algorithm = https
	ssl.engine.factory.class = null
	ssl.key.password = null
	ssl.keymanager.algorithm = SunX509
	ssl.keystore.certificate.chain = null
	ssl.keystore.key = null
	ssl.keystore.location = null
	ssl.keystore.password = null
	ssl.keystore.type = JKS
	ssl.protocol = TLSv1.3
	ssl.provider = null
	ssl.secure.random.implementation = null
	ssl.trustmanager.algorithm = PKIX
	ssl.truststore.certificates = null
	ssl.truststore.location = null
	ssl.truststore.password = null
	ssl.truststore.type = JKS
	value.deserializer = class org.apache.kafka.common.serialization.ByteArrayDeserializer

2024-12-11T01:27:32.532+05:00  INFO 4064 --- [BrusnikaCoworking] [    Test worker] o.a.k.c.t.i.KafkaMetricsCollector        : initializing Kafka metrics collector
2024-12-11T01:27:32.735+05:00  INFO 4064 --- [BrusnikaCoworking] [    Test worker] o.a.k.clients.consumer.ConsumerConfig    : These configurations '[spring.json.add.type.headers]' were supplied but are not used yet.
2024-12-11T01:27:32.736+05:00  INFO 4064 --- [BrusnikaCoworking] [    Test worker] o.a.kafka.common.utils.AppInfoParser     : Kafka version: 3.7.1
2024-12-11T01:27:32.737+05:00  INFO 4064 --- [BrusnikaCoworking] [    Test worker] o.a.kafka.common.utils.AppInfoParser     : Kafka commitId: e2494e6ffb89f828
2024-12-11T01:27:32.737+05:00  INFO 4064 --- [BrusnikaCoworking] [    Test worker] o.a.kafka.common.utils.AppInfoParser     : Kafka startTimeMs: 1733862452735
2024-12-11T01:27:32.748+05:00  INFO 4064 --- [BrusnikaCoworking] [    Test worker] o.a.k.c.c.internals.LegacyKafkaConsumer  : [Consumer clientId=consumer-some-1, groupId=some] Subscribed to topic(s): email_message
2024-12-11T01:27:32.768+05:00  INFO 4064 --- [BrusnikaCoworking] [    Test worker] c.e.B.BrusnikaCoworkingApplicationTests  : Started BrusnikaCoworkingApplicationTests in 5.996 seconds (process running for 7.21)
2024-12-11T01:27:33.379+05:00  INFO 4064 --- [BrusnikaCoworking] [ntainer#0-0-C-1] org.apache.kafka.clients.Metadata        : [Consumer clientId=consumer-some-1, groupId=some] Cluster ID: -I2BWeK7TWSY8ZWooJnUsA
2024-12-11T01:27:33.381+05:00  INFO 4064 --- [BrusnikaCoworking] [ntainer#0-0-C-1] o.a.k.c.c.internals.ConsumerCoordinator  : [Consumer clientId=consumer-some-1, groupId=some] Discovered group coordinator localhost:9092 (id: 2147483646 rack: null)
2024-12-11T01:27:33.386+05:00  INFO 4064 --- [BrusnikaCoworking] [ntainer#0-0-C-1] o.a.k.c.c.internals.ConsumerCoordinator  : [Consumer clientId=consumer-some-1, groupId=some] (Re-)joining group
2024-12-11T01:27:33.445+05:00  INFO 4064 --- [BrusnikaCoworking] [ntainer#0-0-C-1] o.a.k.c.c.internals.ConsumerCoordinator  : [Consumer clientId=consumer-some-1, groupId=some] Request joining group due to: need to re-join with the given member-id: consumer-some-1-603643b3-9297-4a77-9e67-e857c735d8a3
2024-12-11T01:27:33.446+05:00  INFO 4064 --- [BrusnikaCoworking] [ntainer#0-0-C-1] o.a.k.c.c.internals.ConsumerCoordinator  : [Consumer clientId=consumer-some-1, groupId=some] (Re-)joining group
]]></system-out>
  <system-err><![CDATA[WARNING: A Java agent has been loaded dynamically (C:\Users\Daria\.gradle\caches\modules-2\files-2.1\net.bytebuddy\byte-buddy-agent\1.14.19\154da3a65b4f4a909d3e5bdec55d1b2b4cbb6ce1\byte-buddy-agent-1.14.19.jar)
WARNING: If a serviceability tool is in use, please run with -XX:+EnableDynamicAgentLoading to hide this warning
WARNING: If a serviceability tool is not in use, please run with -Djdk.instrument.traceUsage for more information
WARNING: Dynamic loading of agents will be disallowed by default in a future release
]]></system-err>
</testsuite>
