<?xml version="1.0" encoding="UTF-8"?>
<testsuite name="com.example.BrusnikaCoworking.BrusnikaCoworkingApplicationTests" tests="1" skipped="0" failures="0" errors="0" timestamp="2025-01-09T15:35:18" hostname="KOMPUTER" time="0.445">
  <properties/>
  <testcase name="contextLoads()" classname="com.example.BrusnikaCoworking.BrusnikaCoworkingApplicationTests" time="0.445"/>
  <system-out><![CDATA[20:35:11.606 [Test worker] INFO org.springframework.test.context.support.AnnotationConfigContextLoaderUtils -- Could not detect default configuration classes for test class [com.example.BrusnikaCoworking.BrusnikaCoworkingApplicationTests]: BrusnikaCoworkingApplicationTests does not declare any static, non-private, non-final, nested classes annotated with @Configuration.
20:35:11.724 [Test worker] INFO org.springframework.boot.test.context.SpringBootTestContextBootstrapper -- Found @SpringBootConfiguration com.example.BrusnikaCoworking.BrusnikaCoworkingApplication for test class com.example.BrusnikaCoworking.BrusnikaCoworkingApplicationTests

  .   ____          _            __ _ _
 /\\ / ___'_ __ _ _(_)_ __  __ _ \ \ \ \
( ( )\___ | '_ | '_| | '_ \/ _` | \ \ \ \
 \\/  ___)| |_)| | | | | || (_| |  ) ) ) )
  '  |____| .__|_| |_|_| |_\__, | / / / /
 =========|_|==============|___/=/_/_/_/

 :: Spring Boot ::                (v3.3.4)

2025-01-09T20:35:12.178+05:00  INFO 9220 --- [BrusnikaCoworking] [    Test worker] c.e.B.BrusnikaCoworkingApplicationTests  : Starting BrusnikaCoworkingApplicationTests using Java 21 with PID 9220 (started by Daria in C:\WORK\Programming\Spring\BrusnikaCoworking)
2025-01-09T20:35:12.180+05:00  INFO 9220 --- [BrusnikaCoworking] [    Test worker] c.e.B.BrusnikaCoworkingApplicationTests  : No active profile set, falling back to 1 default profile: "default"
2025-01-09T20:35:12.979+05:00  INFO 9220 --- [BrusnikaCoworking] [    Test worker] .s.d.r.c.RepositoryConfigurationDelegate : Bootstrapping Spring Data JPA repositories in DEFAULT mode.
2025-01-09T20:35:13.057+05:00  INFO 9220 --- [BrusnikaCoworking] [    Test worker] .s.d.r.c.RepositoryConfigurationDelegate : Finished Spring Data repository scanning in 71 ms. Found 6 JPA repository interfaces.
2025-01-09T20:35:13.750+05:00  INFO 9220 --- [BrusnikaCoworking] [    Test worker] o.hibernate.jpa.internal.util.LogHelper  : HHH000204: Processing PersistenceUnitInfo [name: default]
2025-01-09T20:35:13.823+05:00  INFO 9220 --- [BrusnikaCoworking] [    Test worker] org.hibernate.Version                    : HHH000412: Hibernate ORM core version 6.5.3.Final
2025-01-09T20:35:13.863+05:00  INFO 9220 --- [BrusnikaCoworking] [    Test worker] o.h.c.internal.RegionFactoryInitiator    : HHH000026: Second-level cache disabled
2025-01-09T20:35:13.977+05:00  INFO 9220 --- [BrusnikaCoworking] [    Test worker] com.zaxxer.hikari.HikariDataSource       : HikariPool-1 - Starting...
2025-01-09T20:35:14.095+05:00  INFO 9220 --- [BrusnikaCoworking] [    Test worker] com.zaxxer.hikari.pool.HikariPool        : HikariPool-1 - Added connection org.postgresql.jdbc.PgConnection@1073c664
2025-01-09T20:35:14.097+05:00  INFO 9220 --- [BrusnikaCoworking] [    Test worker] com.zaxxer.hikari.HikariDataSource       : HikariPool-1 - Start completed.
2025-01-09T20:35:14.388+05:00  INFO 9220 --- [BrusnikaCoworking] [    Test worker] o.s.o.j.p.SpringPersistenceUnitInfo      : No LoadTimeWeaver setup: ignoring JPA class transformer
2025-01-09T20:35:15.286+05:00  INFO 9220 --- [BrusnikaCoworking] [    Test worker] o.h.e.t.j.p.i.JtaPlatformInitiator       : HHH000489: No JTA platform available (set 'hibernate.transaction.jta.platform' to enable JTA platform integration)
2025-01-09T20:35:15.389+05:00  INFO 9220 --- [BrusnikaCoworking] [    Test worker] j.LocalContainerEntityManagerFactoryBean : Initialized JPA EntityManagerFactory for persistence unit 'default'
2025-01-09T20:35:15.678+05:00  INFO 9220 --- [BrusnikaCoworking] [    Test worker] o.s.d.j.r.query.QueryEnhancerFactory     : Hibernate is in classpath; If applicable, HQL parser will be used.
2025-01-09T20:35:16.134+05:00  INFO 9220 --- [BrusnikaCoworking] [    Test worker] eAuthenticationProviderManagerConfigurer : Global AuthenticationManager configured with AuthenticationProvider bean with name authenticationProvider
2025-01-09T20:35:16.135+05:00  WARN 9220 --- [BrusnikaCoworking] [    Test worker] r$InitializeUserDetailsManagerConfigurer : Global AuthenticationManager configured with an AuthenticationProvider bean. UserDetailsService beans will not be used for username/password login. Consider removing the AuthenticationProvider bean. Alternatively, consider using the UserDetailsService in a manually instantiated DaoAuthenticationProvider.
2025-01-09T20:35:17.337+05:00  INFO 9220 --- [BrusnikaCoworking] [    Test worker] o.a.k.clients.consumer.ConsumerConfig    : ConsumerConfig values: 
	allow.auto.create.topics = true
	auto.commit.interval.ms = 5000
	auto.include.jmx.reporter = true
	auto.offset.reset = latest
	bootstrap.servers = [localhost:9092]
	check.crcs = true
	client.dns.lookup = use_all_dns_ips
	client.id = consumer-some-1
	client.rack = 
	connections.max.idle.ms = 540000
	default.api.timeout.ms = 60000
	enable.auto.commit = false
	enable.metrics.push = true
	exclude.internal.topics = true
	fetch.max.bytes = 52428800
	fetch.max.wait.ms = 500
	fetch.min.bytes = 1
	group.id = some
	group.instance.id = null
	group.protocol = classic
	group.remote.assignor = null
	heartbeat.interval.ms = 3000
	interceptor.classes = []
	internal.leave.group.on.close = true
	internal.throw.on.fetch.stable.offset.unsupported = false
	isolation.level = read_uncommitted
	key.deserializer = class org.apache.kafka.common.serialization.StringDeserializer
	max.partition.fetch.bytes = 1048576
	max.poll.interval.ms = 300000
	max.poll.records = 500
	metadata.max.age.ms = 300000
	metric.reporters = []
	metrics.num.samples = 2
	metrics.recording.level = INFO
	metrics.sample.window.ms = 30000
	partition.assignment.strategy = [class org.apache.kafka.clients.consumer.RangeAssignor, class org.apache.kafka.clients.consumer.CooperativeStickyAssignor]
	receive.buffer.bytes = 65536
	reconnect.backoff.max.ms = 1000
	reconnect.backoff.ms = 50
	request.timeout.ms = 30000
	retry.backoff.max.ms = 1000
	retry.backoff.ms = 100
	sasl.client.callback.handler.class = null
	sasl.jaas.config = null
	sasl.kerberos.kinit.cmd = /usr/bin/kinit
	sasl.kerberos.min.time.before.relogin = 60000
	sasl.kerberos.service.name = null
	sasl.kerberos.ticket.renew.jitter = 0.05
	sasl.kerberos.ticket.renew.window.factor = 0.8
	sasl.login.callback.handler.class = null
	sasl.login.class = null
	sasl.login.connect.timeout.ms = null
	sasl.login.read.timeout.ms = null
	sasl.login.refresh.buffer.seconds = 300
	sasl.login.refresh.min.period.seconds = 60
	sasl.login.refresh.window.factor = 0.8
	sasl.login.refresh.window.jitter = 0.05
	sasl.login.retry.backoff.max.ms = 10000
	sasl.login.retry.backoff.ms = 100
	sasl.mechanism = GSSAPI
	sasl.oauthbearer.clock.skew.seconds = 30
	sasl.oauthbearer.expected.audience = null
	sasl.oauthbearer.expected.issuer = null
	sasl.oauthbearer.jwks.endpoint.refresh.ms = 3600000
	sasl.oauthbearer.jwks.endpoint.retry.backoff.max.ms = 10000
	sasl.oauthbearer.jwks.endpoint.retry.backoff.ms = 100
	sasl.oauthbearer.jwks.endpoint.url = null
	sasl.oauthbearer.scope.claim.name = scope
	sasl.oauthbearer.sub.claim.name = sub
	sasl.oauthbearer.token.endpoint.url = null
	security.protocol = PLAINTEXT
	security.providers = null
	send.buffer.bytes = 131072
	session.timeout.ms = 45000
	socket.connection.setup.timeout.max.ms = 30000
	socket.connection.setup.timeout.ms = 10000
	ssl.cipher.suites = null
	ssl.enabled.protocols = [TLSv1.2, TLSv1.3]
	ssl.endpoint.identification.algorithm = https
	ssl.engine.factory.class = null
	ssl.key.password = null
	ssl.keymanager.algorithm = SunX509
	ssl.keystore.certificate.chain = null
	ssl.keystore.key = null
	ssl.keystore.location = null
	ssl.keystore.password = null
	ssl.keystore.type = JKS
	ssl.protocol = TLSv1.3
	ssl.provider = null
	ssl.secure.random.implementation = null
	ssl.trustmanager.algorithm = PKIX
	ssl.truststore.certificates = null
	ssl.truststore.location = null
	ssl.truststore.password = null
	ssl.truststore.type = JKS
	value.deserializer = class org.apache.kafka.common.serialization.ByteArrayDeserializer

2025-01-09T20:35:17.386+05:00  INFO 9220 --- [BrusnikaCoworking] [    Test worker] o.a.k.c.t.i.KafkaMetricsCollector        : initializing Kafka metrics collector
2025-01-09T20:35:17.565+05:00  INFO 9220 --- [BrusnikaCoworking] [    Test worker] o.a.k.clients.consumer.ConsumerConfig    : These configurations '[spring.json.add.type.headers]' were supplied but are not used yet.
2025-01-09T20:35:17.567+05:00  INFO 9220 --- [BrusnikaCoworking] [    Test worker] o.a.kafka.common.utils.AppInfoParser     : Kafka version: 3.7.1
2025-01-09T20:35:17.568+05:00  INFO 9220 --- [BrusnikaCoworking] [    Test worker] o.a.kafka.common.utils.AppInfoParser     : Kafka commitId: e2494e6ffb89f828
2025-01-09T20:35:17.568+05:00  INFO 9220 --- [BrusnikaCoworking] [    Test worker] o.a.kafka.common.utils.AppInfoParser     : Kafka startTimeMs: 1736436917565
2025-01-09T20:35:17.573+05:00  INFO 9220 --- [BrusnikaCoworking] [    Test worker] o.a.k.c.c.internals.LegacyKafkaConsumer  : [Consumer clientId=consumer-some-1, groupId=some] Subscribed to topic(s): email_message_reserval_group
2025-01-09T20:35:17.581+05:00  INFO 9220 --- [BrusnikaCoworking] [    Test worker] o.a.k.clients.consumer.ConsumerConfig    : ConsumerConfig values: 
	allow.auto.create.topics = true
	auto.commit.interval.ms = 5000
	auto.include.jmx.reporter = true
	auto.offset.reset = latest
	bootstrap.servers = [localhost:9092]
	check.crcs = true
	client.dns.lookup = use_all_dns_ips
	client.id = consumer-some-2
	client.rack = 
	connections.max.idle.ms = 540000
	default.api.timeout.ms = 60000
	enable.auto.commit = false
	enable.metrics.push = true
	exclude.internal.topics = true
	fetch.max.bytes = 52428800
	fetch.max.wait.ms = 500
	fetch.min.bytes = 1
	group.id = some
	group.instance.id = null
	group.protocol = classic
	group.remote.assignor = null
	heartbeat.interval.ms = 3000
	interceptor.classes = []
	internal.leave.group.on.close = true
	internal.throw.on.fetch.stable.offset.unsupported = false
	isolation.level = read_uncommitted
	key.deserializer = class org.apache.kafka.common.serialization.StringDeserializer
	max.partition.fetch.bytes = 1048576
	max.poll.interval.ms = 300000
	max.poll.records = 500
	metadata.max.age.ms = 300000
	metric.reporters = []
	metrics.num.samples = 2
	metrics.recording.level = INFO
	metrics.sample.window.ms = 30000
	partition.assignment.strategy = [class org.apache.kafka.clients.consumer.RangeAssignor, class org.apache.kafka.clients.consumer.CooperativeStickyAssignor]
	receive.buffer.bytes = 65536
	reconnect.backoff.max.ms = 1000
	reconnect.backoff.ms = 50
	request.timeout.ms = 30000
	retry.backoff.max.ms = 1000
	retry.backoff.ms = 100
	sasl.client.callback.handler.class = null
	sasl.jaas.config = null
	sasl.kerberos.kinit.cmd = /usr/bin/kinit
	sasl.kerberos.min.time.before.relogin = 60000
	sasl.kerberos.service.name = null
	sasl.kerberos.ticket.renew.jitter = 0.05
	sasl.kerberos.ticket.renew.window.factor = 0.8
	sasl.login.callback.handler.class = null
	sasl.login.class = null
	sasl.login.connect.timeout.ms = null
	sasl.login.read.timeout.ms = null
	sasl.login.refresh.buffer.seconds = 300
	sasl.login.refresh.min.period.seconds = 60
	sasl.login.refresh.window.factor = 0.8
	sasl.login.refresh.window.jitter = 0.05
	sasl.login.retry.backoff.max.ms = 10000
	sasl.login.retry.backoff.ms = 100
	sasl.mechanism = GSSAPI
	sasl.oauthbearer.clock.skew.seconds = 30
	sasl.oauthbearer.expected.audience = null
	sasl.oauthbearer.expected.issuer = null
	sasl.oauthbearer.jwks.endpoint.refresh.ms = 3600000
	sasl.oauthbearer.jwks.endpoint.retry.backoff.max.ms = 10000
	sasl.oauthbearer.jwks.endpoint.retry.backoff.ms = 100
	sasl.oauthbearer.jwks.endpoint.url = null
	sasl.oauthbearer.scope.claim.name = scope
	sasl.oauthbearer.sub.claim.name = sub
	sasl.oauthbearer.token.endpoint.url = null
	security.protocol = PLAINTEXT
	security.providers = null
	send.buffer.bytes = 131072
	session.timeout.ms = 45000
	socket.connection.setup.timeout.max.ms = 30000
	socket.connection.setup.timeout.ms = 10000
	ssl.cipher.suites = null
	ssl.enabled.protocols = [TLSv1.2, TLSv1.3]
	ssl.endpoint.identification.algorithm = https
	ssl.engine.factory.class = null
	ssl.key.password = null
	ssl.keymanager.algorithm = SunX509
	ssl.keystore.certificate.chain = null
	ssl.keystore.key = null
	ssl.keystore.location = null
	ssl.keystore.password = null
	ssl.keystore.type = JKS
	ssl.protocol = TLSv1.3
	ssl.provider = null
	ssl.secure.random.implementation = null
	ssl.trustmanager.algorithm = PKIX
	ssl.truststore.certificates = null
	ssl.truststore.location = null
	ssl.truststore.password = null
	ssl.truststore.type = JKS
	value.deserializer = class org.apache.kafka.common.serialization.ByteArrayDeserializer

2025-01-09T20:35:17.584+05:00  INFO 9220 --- [BrusnikaCoworking] [    Test worker] o.a.k.c.t.i.KafkaMetricsCollector        : initializing Kafka metrics collector
2025-01-09T20:35:17.592+05:00  INFO 9220 --- [BrusnikaCoworking] [    Test worker] o.a.k.clients.consumer.ConsumerConfig    : These configurations '[spring.json.add.type.headers]' were supplied but are not used yet.
2025-01-09T20:35:17.592+05:00  INFO 9220 --- [BrusnikaCoworking] [    Test worker] o.a.kafka.common.utils.AppInfoParser     : Kafka version: 3.7.1
2025-01-09T20:35:17.593+05:00  INFO 9220 --- [BrusnikaCoworking] [    Test worker] o.a.kafka.common.utils.AppInfoParser     : Kafka commitId: e2494e6ffb89f828
2025-01-09T20:35:17.593+05:00  INFO 9220 --- [BrusnikaCoworking] [    Test worker] o.a.kafka.common.utils.AppInfoParser     : Kafka startTimeMs: 1736436917592
2025-01-09T20:35:17.593+05:00  INFO 9220 --- [BrusnikaCoworking] [    Test worker] o.a.k.c.c.internals.LegacyKafkaConsumer  : [Consumer clientId=consumer-some-2, groupId=some] Subscribed to topic(s): email_message_reserval
2025-01-09T20:35:17.595+05:00  INFO 9220 --- [BrusnikaCoworking] [    Test worker] o.a.k.clients.consumer.ConsumerConfig    : ConsumerConfig values: 
	allow.auto.create.topics = true
	auto.commit.interval.ms = 5000
	auto.include.jmx.reporter = true
	auto.offset.reset = latest
	bootstrap.servers = [localhost:9092]
	check.crcs = true
	client.dns.lookup = use_all_dns_ips
	client.id = consumer-some-3
	client.rack = 
	connections.max.idle.ms = 540000
	default.api.timeout.ms = 60000
	enable.auto.commit = false
	enable.metrics.push = true
	exclude.internal.topics = true
	fetch.max.bytes = 52428800
	fetch.max.wait.ms = 500
	fetch.min.bytes = 1
	group.id = some
	group.instance.id = null
	group.protocol = classic
	group.remote.assignor = null
	heartbeat.interval.ms = 3000
	interceptor.classes = []
	internal.leave.group.on.close = true
	internal.throw.on.fetch.stable.offset.unsupported = false
	isolation.level = read_uncommitted
	key.deserializer = class org.apache.kafka.common.serialization.StringDeserializer
	max.partition.fetch.bytes = 1048576
	max.poll.interval.ms = 300000
	max.poll.records = 500
	metadata.max.age.ms = 300000
	metric.reporters = []
	metrics.num.samples = 2
	metrics.recording.level = INFO
	metrics.sample.window.ms = 30000
	partition.assignment.strategy = [class org.apache.kafka.clients.consumer.RangeAssignor, class org.apache.kafka.clients.consumer.CooperativeStickyAssignor]
	receive.buffer.bytes = 65536
	reconnect.backoff.max.ms = 1000
	reconnect.backoff.ms = 50
	request.timeout.ms = 30000
	retry.backoff.max.ms = 1000
	retry.backoff.ms = 100
	sasl.client.callback.handler.class = null
	sasl.jaas.config = null
	sasl.kerberos.kinit.cmd = /usr/bin/kinit
	sasl.kerberos.min.time.before.relogin = 60000
	sasl.kerberos.service.name = null
	sasl.kerberos.ticket.renew.jitter = 0.05
	sasl.kerberos.ticket.renew.window.factor = 0.8
	sasl.login.callback.handler.class = null
	sasl.login.class = null
	sasl.login.connect.timeout.ms = null
	sasl.login.read.timeout.ms = null
	sasl.login.refresh.buffer.seconds = 300
	sasl.login.refresh.min.period.seconds = 60
	sasl.login.refresh.window.factor = 0.8
	sasl.login.refresh.window.jitter = 0.05
	sasl.login.retry.backoff.max.ms = 10000
	sasl.login.retry.backoff.ms = 100
	sasl.mechanism = GSSAPI
	sasl.oauthbearer.clock.skew.seconds = 30
	sasl.oauthbearer.expected.audience = null
	sasl.oauthbearer.expected.issuer = null
	sasl.oauthbearer.jwks.endpoint.refresh.ms = 3600000
	sasl.oauthbearer.jwks.endpoint.retry.backoff.max.ms = 10000
	sasl.oauthbearer.jwks.endpoint.retry.backoff.ms = 100
	sasl.oauthbearer.jwks.endpoint.url = null
	sasl.oauthbearer.scope.claim.name = scope
	sasl.oauthbearer.sub.claim.name = sub
	sasl.oauthbearer.token.endpoint.url = null
	security.protocol = PLAINTEXT
	security.providers = null
	send.buffer.bytes = 131072
	session.timeout.ms = 45000
	socket.connection.setup.timeout.max.ms = 30000
	socket.connection.setup.timeout.ms = 10000
	ssl.cipher.suites = null
	ssl.enabled.protocols = [TLSv1.2, TLSv1.3]
	ssl.endpoint.identification.algorithm = https
	ssl.engine.factory.class = null
	ssl.key.password = null
	ssl.keymanager.algorithm = SunX509
	ssl.keystore.certificate.chain = null
	ssl.keystore.key = null
	ssl.keystore.location = null
	ssl.keystore.password = null
	ssl.keystore.type = JKS
	ssl.protocol = TLSv1.3
	ssl.provider = null
	ssl.secure.random.implementation = null
	ssl.trustmanager.algorithm = PKIX
	ssl.truststore.certificates = null
	ssl.truststore.location = null
	ssl.truststore.password = null
	ssl.truststore.type = JKS
	value.deserializer = class org.apache.kafka.common.serialization.ByteArrayDeserializer

2025-01-09T20:35:17.597+05:00  INFO 9220 --- [BrusnikaCoworking] [    Test worker] o.a.k.c.t.i.KafkaMetricsCollector        : initializing Kafka metrics collector
2025-01-09T20:35:17.605+05:00  INFO 9220 --- [BrusnikaCoworking] [    Test worker] o.a.k.clients.consumer.ConsumerConfig    : These configurations '[spring.json.add.type.headers]' were supplied but are not used yet.
2025-01-09T20:35:17.605+05:00  INFO 9220 --- [BrusnikaCoworking] [    Test worker] o.a.kafka.common.utils.AppInfoParser     : Kafka version: 3.7.1
2025-01-09T20:35:17.605+05:00  INFO 9220 --- [BrusnikaCoworking] [    Test worker] o.a.kafka.common.utils.AppInfoParser     : Kafka commitId: e2494e6ffb89f828
2025-01-09T20:35:17.605+05:00  INFO 9220 --- [BrusnikaCoworking] [    Test worker] o.a.kafka.common.utils.AppInfoParser     : Kafka startTimeMs: 1736436917605
2025-01-09T20:35:17.605+05:00  INFO 9220 --- [BrusnikaCoworking] [    Test worker] o.a.k.c.c.internals.LegacyKafkaConsumer  : [Consumer clientId=consumer-some-3, groupId=some] Subscribed to topic(s): email_message_password
2025-01-09T20:35:17.607+05:00  INFO 9220 --- [BrusnikaCoworking] [    Test worker] o.a.k.clients.consumer.ConsumerConfig    : ConsumerConfig values: 
	allow.auto.create.topics = true
	auto.commit.interval.ms = 5000
	auto.include.jmx.reporter = true
	auto.offset.reset = latest
	bootstrap.servers = [localhost:9092]
	check.crcs = true
	client.dns.lookup = use_all_dns_ips
	client.id = consumer-some-4
	client.rack = 
	connections.max.idle.ms = 540000
	default.api.timeout.ms = 60000
	enable.auto.commit = false
	enable.metrics.push = true
	exclude.internal.topics = true
	fetch.max.bytes = 52428800
	fetch.max.wait.ms = 500
	fetch.min.bytes = 1
	group.id = some
	group.instance.id = null
	group.protocol = classic
	group.remote.assignor = null
	heartbeat.interval.ms = 3000
	interceptor.classes = []
	internal.leave.group.on.close = true
	internal.throw.on.fetch.stable.offset.unsupported = false
	isolation.level = read_uncommitted
	key.deserializer = class org.apache.kafka.common.serialization.StringDeserializer
	max.partition.fetch.bytes = 1048576
	max.poll.interval.ms = 300000
	max.poll.records = 500
	metadata.max.age.ms = 300000
	metric.reporters = []
	metrics.num.samples = 2
	metrics.recording.level = INFO
	metrics.sample.window.ms = 30000
	partition.assignment.strategy = [class org.apache.kafka.clients.consumer.RangeAssignor, class org.apache.kafka.clients.consumer.CooperativeStickyAssignor]
	receive.buffer.bytes = 65536
	reconnect.backoff.max.ms = 1000
	reconnect.backoff.ms = 50
	request.timeout.ms = 30000
	retry.backoff.max.ms = 1000
	retry.backoff.ms = 100
	sasl.client.callback.handler.class = null
	sasl.jaas.config = null
	sasl.kerberos.kinit.cmd = /usr/bin/kinit
	sasl.kerberos.min.time.before.relogin = 60000
	sasl.kerberos.service.name = null
	sasl.kerberos.ticket.renew.jitter = 0.05
	sasl.kerberos.ticket.renew.window.factor = 0.8
	sasl.login.callback.handler.class = null
	sasl.login.class = null
	sasl.login.connect.timeout.ms = null
	sasl.login.read.timeout.ms = null
	sasl.login.refresh.buffer.seconds = 300
	sasl.login.refresh.min.period.seconds = 60
	sasl.login.refresh.window.factor = 0.8
	sasl.login.refresh.window.jitter = 0.05
	sasl.login.retry.backoff.max.ms = 10000
	sasl.login.retry.backoff.ms = 100
	sasl.mechanism = GSSAPI
	sasl.oauthbearer.clock.skew.seconds = 30
	sasl.oauthbearer.expected.audience = null
	sasl.oauthbearer.expected.issuer = null
	sasl.oauthbearer.jwks.endpoint.refresh.ms = 3600000
	sasl.oauthbearer.jwks.endpoint.retry.backoff.max.ms = 10000
	sasl.oauthbearer.jwks.endpoint.retry.backoff.ms = 100
	sasl.oauthbearer.jwks.endpoint.url = null
	sasl.oauthbearer.scope.claim.name = scope
	sasl.oauthbearer.sub.claim.name = sub
	sasl.oauthbearer.token.endpoint.url = null
	security.protocol = PLAINTEXT
	security.providers = null
	send.buffer.bytes = 131072
	session.timeout.ms = 45000
	socket.connection.setup.timeout.max.ms = 30000
	socket.connection.setup.timeout.ms = 10000
	ssl.cipher.suites = null
	ssl.enabled.protocols = [TLSv1.2, TLSv1.3]
	ssl.endpoint.identification.algorithm = https
	ssl.engine.factory.class = null
	ssl.key.password = null
	ssl.keymanager.algorithm = SunX509
	ssl.keystore.certificate.chain = null
	ssl.keystore.key = null
	ssl.keystore.location = null
	ssl.keystore.password = null
	ssl.keystore.type = JKS
	ssl.protocol = TLSv1.3
	ssl.provider = null
	ssl.secure.random.implementation = null
	ssl.trustmanager.algorithm = PKIX
	ssl.truststore.certificates = null
	ssl.truststore.location = null
	ssl.truststore.password = null
	ssl.truststore.type = JKS
	value.deserializer = class org.apache.kafka.common.serialization.ByteArrayDeserializer

2025-01-09T20:35:17.609+05:00  INFO 9220 --- [BrusnikaCoworking] [    Test worker] o.a.k.c.t.i.KafkaMetricsCollector        : initializing Kafka metrics collector
2025-01-09T20:35:17.616+05:00  INFO 9220 --- [BrusnikaCoworking] [    Test worker] o.a.k.clients.consumer.ConsumerConfig    : These configurations '[spring.json.add.type.headers]' were supplied but are not used yet.
2025-01-09T20:35:17.617+05:00  INFO 9220 --- [BrusnikaCoworking] [    Test worker] o.a.kafka.common.utils.AppInfoParser     : Kafka version: 3.7.1
2025-01-09T20:35:17.618+05:00  INFO 9220 --- [BrusnikaCoworking] [    Test worker] o.a.kafka.common.utils.AppInfoParser     : Kafka commitId: e2494e6ffb89f828
2025-01-09T20:35:17.618+05:00  INFO 9220 --- [BrusnikaCoworking] [    Test worker] o.a.kafka.common.utils.AppInfoParser     : Kafka startTimeMs: 1736436917617
2025-01-09T20:35:17.618+05:00  INFO 9220 --- [BrusnikaCoworking] [    Test worker] o.a.k.c.c.internals.LegacyKafkaConsumer  : [Consumer clientId=consumer-some-4, groupId=some] Subscribed to topic(s): email_message_registration
2025-01-09T20:35:17.634+05:00  INFO 9220 --- [BrusnikaCoworking] [    Test worker] c.e.B.BrusnikaCoworkingApplicationTests  : Started BrusnikaCoworkingApplicationTests in 5.752 seconds (process running for 6.906)
2025-01-09T20:35:18.091+05:00  INFO 9220 --- [BrusnikaCoworking] [ntainer#3-0-C-1] org.apache.kafka.clients.Metadata        : [Consumer clientId=consumer-some-2, groupId=some] Cluster ID: VIxWhjp8S22DPeL9F_YnUQ
2025-01-09T20:35:18.092+05:00  INFO 9220 --- [BrusnikaCoworking] [ntainer#3-0-C-1] o.a.k.c.c.internals.ConsumerCoordinator  : [Consumer clientId=consumer-some-2, groupId=some] Discovered group coordinator localhost:9092 (id: 2147483646 rack: null)
2025-01-09T20:35:18.092+05:00  INFO 9220 --- [BrusnikaCoworking] [ntainer#0-0-C-1] org.apache.kafka.clients.Metadata        : [Consumer clientId=consumer-some-3, groupId=some] Cluster ID: VIxWhjp8S22DPeL9F_YnUQ
2025-01-09T20:35:18.093+05:00  INFO 9220 --- [BrusnikaCoworking] [ntainer#1-0-C-1] org.apache.kafka.clients.Metadata        : [Consumer clientId=consumer-some-4, groupId=some] Cluster ID: VIxWhjp8S22DPeL9F_YnUQ
2025-01-09T20:35:18.094+05:00  INFO 9220 --- [BrusnikaCoworking] [ntainer#0-0-C-1] o.a.k.c.c.internals.ConsumerCoordinator  : [Consumer clientId=consumer-some-3, groupId=some] Discovered group coordinator localhost:9092 (id: 2147483646 rack: null)
2025-01-09T20:35:18.094+05:00  INFO 9220 --- [BrusnikaCoworking] [ntainer#1-0-C-1] o.a.k.c.c.internals.ConsumerCoordinator  : [Consumer clientId=consumer-some-4, groupId=some] Discovered group coordinator localhost:9092 (id: 2147483646 rack: null)
2025-01-09T20:35:18.095+05:00  INFO 9220 --- [BrusnikaCoworking] [ntainer#2-0-C-1] org.apache.kafka.clients.Metadata        : [Consumer clientId=consumer-some-1, groupId=some] Cluster ID: VIxWhjp8S22DPeL9F_YnUQ
2025-01-09T20:35:18.095+05:00  INFO 9220 --- [BrusnikaCoworking] [ntainer#2-0-C-1] o.a.k.c.c.internals.ConsumerCoordinator  : [Consumer clientId=consumer-some-1, groupId=some] Discovered group coordinator localhost:9092 (id: 2147483646 rack: null)
2025-01-09T20:35:18.097+05:00  INFO 9220 --- [BrusnikaCoworking] [ntainer#2-0-C-1] o.a.k.c.c.internals.ConsumerCoordinator  : [Consumer clientId=consumer-some-1, groupId=some] (Re-)joining group
2025-01-09T20:35:18.098+05:00  INFO 9220 --- [BrusnikaCoworking] [ntainer#1-0-C-1] o.a.k.c.c.internals.ConsumerCoordinator  : [Consumer clientId=consumer-some-4, groupId=some] (Re-)joining group
2025-01-09T20:35:18.097+05:00  INFO 9220 --- [BrusnikaCoworking] [ntainer#3-0-C-1] o.a.k.c.c.internals.ConsumerCoordinator  : [Consumer clientId=consumer-some-2, groupId=some] (Re-)joining group
2025-01-09T20:35:18.098+05:00  INFO 9220 --- [BrusnikaCoworking] [ntainer#0-0-C-1] o.a.k.c.c.internals.ConsumerCoordinator  : [Consumer clientId=consumer-some-3, groupId=some] (Re-)joining group
2025-01-09T20:35:18.139+05:00  INFO 9220 --- [BrusnikaCoworking] [ntainer#0-0-C-1] o.a.k.c.c.internals.ConsumerCoordinator  : [Consumer clientId=consumer-some-3, groupId=some] Request joining group due to: need to re-join with the given member-id: consumer-some-3-7fc4958c-e37b-49c5-855e-f17e3f523d34
2025-01-09T20:35:18.139+05:00  INFO 9220 --- [BrusnikaCoworking] [ntainer#2-0-C-1] o.a.k.c.c.internals.ConsumerCoordinator  : [Consumer clientId=consumer-some-1, groupId=some] Request joining group due to: need to re-join with the given member-id: consumer-some-1-8d9bf89e-8483-4cec-82cb-0ef2d5a948b9
2025-01-09T20:35:18.140+05:00  INFO 9220 --- [BrusnikaCoworking] [ntainer#3-0-C-1] o.a.k.c.c.internals.ConsumerCoordinator  : [Consumer clientId=consumer-some-2, groupId=some] Request joining group due to: need to re-join with the given member-id: consumer-some-2-5945f907-5346-428a-8ed7-4bc6d867fec1
2025-01-09T20:35:18.140+05:00  INFO 9220 --- [BrusnikaCoworking] [ntainer#2-0-C-1] o.a.k.c.c.internals.ConsumerCoordinator  : [Consumer clientId=consumer-some-1, groupId=some] (Re-)joining group
2025-01-09T20:35:18.140+05:00  INFO 9220 --- [BrusnikaCoworking] [ntainer#1-0-C-1] o.a.k.c.c.internals.ConsumerCoordinator  : [Consumer clientId=consumer-some-4, groupId=some] Request joining group due to: need to re-join with the given member-id: consumer-some-4-72f81ee4-9de8-42be-9600-25541aedc66f
2025-01-09T20:35:18.140+05:00  INFO 9220 --- [BrusnikaCoworking] [ntainer#0-0-C-1] o.a.k.c.c.internals.ConsumerCoordinator  : [Consumer clientId=consumer-some-3, groupId=some] (Re-)joining group
2025-01-09T20:35:18.140+05:00  INFO 9220 --- [BrusnikaCoworking] [ntainer#3-0-C-1] o.a.k.c.c.internals.ConsumerCoordinator  : [Consumer clientId=consumer-some-2, groupId=some] (Re-)joining group
2025-01-09T20:35:18.140+05:00  INFO 9220 --- [BrusnikaCoworking] [ntainer#1-0-C-1] o.a.k.c.c.internals.ConsumerCoordinator  : [Consumer clientId=consumer-some-4, groupId=some] (Re-)joining group
]]></system-out>
  <system-err><![CDATA[WARNING: A Java agent has been loaded dynamically (C:\Users\Daria\.gradle\caches\modules-2\files-2.1\net.bytebuddy\byte-buddy-agent\1.14.19\154da3a65b4f4a909d3e5bdec55d1b2b4cbb6ce1\byte-buddy-agent-1.14.19.jar)
WARNING: If a serviceability tool is in use, please run with -XX:+EnableDynamicAgentLoading to hide this warning
WARNING: If a serviceability tool is not in use, please run with -Djdk.instrument.traceUsage for more information
WARNING: Dynamic loading of agents will be disallowed by default in a future release
]]></system-err>
</testsuite>
